0 verbose cli C:\Program Files\nodejs\node.exe C:\Users\user\AppData\Roaming\npm\node_modules\npm\bin\npm-cli.js
1 info using npm@11.7.0
2 info using node@v22.14.0
3 silly config load:file:C:\Users\user\AppData\Roaming\npm\node_modules\npm\npmrc
4 silly config load:file:D:\yapper\yapper\.npmrc
5 silly config load:file:C:\Users\user\.npmrc
6 silly config load:file:C:\Users\user\AppData\Roaming\npm\etc\npmrc
7 verbose title npm install
8 verbose argv "install" "--package-lock-only" "--cache" ".npm-cache"
9 verbose logfile logs-max:10 dir:D:\yapper\yapper\.npm-cache\_logs\2026-05-10T18_20_27_043Z-
10 verbose logfile D:\yapper\yapper\.npm-cache\_logs\2026-05-10T18_20_27_043Z-debug-0.log
11 silly logfile done cleaning log files
12 silly packumentCache heap:2197815296 maxSize:549453824 maxEntrySize:274726912
13 silly idealTree buildDeps
14 http cache https://registry.npmjs.org/@tailwindcss/oxide-wasm32-wasi/-/oxide-wasm32-wasi-4.2.1.tgz 1ms (cache hit)
15 silly tarball no local data for https://registry.npmjs.org/@tailwindcss/oxide-wasm32-wasi/-/oxide-wasm32-wasi-4.2.1.tgz. Extracting by manifest.
16 http fetch GET 200 https://registry.npmjs.org/@tailwindcss/oxide-wasm32-wasi/-/oxide-wasm32-wasi-4.2.1.tgz 4302ms (cache miss)
17 silly audit bulk request {
17 silly audit   '@adobe/css-tools': [ '4.4.4' ],
17 silly audit   '@alloc/quick-lru': [ '5.2.0' ],
17 silly audit   '@apollo/cache-control-types': [ '1.0.3' ],
17 silly audit   '@apollo/client': [ '4.1.6' ],
17 silly audit   '@apollo/protobufjs': [ '1.2.7' ],
17 silly audit   '@apollo/server': [ '5.4.0' ],
17 silly audit   '@apollo/server-gateway-interface': [ '2.0.0' ],
17 silly audit   'lru-cache': [ '11.2.7', '10.4.3', '5.1.1' ],
17 silly audit   '@apollo/usage-reporting-protobuf': [ '4.1.1' ],
17 silly audit   '@apollo/utils.createhash': [ '3.0.1' ],
17 silly audit   '@apollo/utils.dropunuseddefinitions': [ '2.0.1' ],
17 silly audit   '@apollo/utils.fetcher': [ '3.1.0' ],
17 silly audit   '@apollo/utils.isnodelike': [ '3.0.0' ],
17 silly audit   '@apollo/utils.keyvaluecache': [ '4.0.0' ],
17 silly audit   '@apollo/utils.logger': [ '3.0.0' ],
17 silly audit   '@apollo/utils.printwithreducedwhitespace': [ '2.0.1' ],
17 silly audit   '@apollo/utils.removealiases': [ '2.0.1' ],
17 silly audit   '@apollo/utils.sortast': [ '2.0.1' ],
17 silly audit   '@apollo/utils.stripsensitiveliterals': [ '2.0.1' ],
17 silly audit   '@apollo/utils.usagereporting': [ '2.1.0' ],
17 silly audit   '@apollo/utils.withrequired': [ '3.0.0' ],
17 silly audit   '@as-integrations/next': [ '4.1.0' ],
17 silly audit   '@asamuzakjp/css-color': [ '3.2.0' ],
17 silly audit   '@babel/code-frame': [ '7.29.0' ],
17 silly audit   '@babel/compat-data': [ '7.29.0' ],
17 silly audit   '@babel/core': [ '7.29.0' ],
17 silly audit   '@babel/generator': [ '7.29.1' ],
17 silly audit   '@babel/helper-compilation-targets': [ '7.28.6' ],
17 silly audit   '@babel/helper-globals': [ '7.28.0' ],
17 silly audit   '@babel/helper-module-imports': [ '7.28.6' ],
17 silly audit   '@babel/helper-module-transforms': [ '7.28.6' ],
17 silly audit   '@babel/helper-plugin-utils': [ '7.28.6' ],
17 silly audit   '@babel/helper-string-parser': [ '7.27.1' ],
17 silly audit   '@babel/helper-validator-identifier': [ '7.28.5' ],
17 silly audit   '@babel/helper-validator-option': [ '7.27.1' ],
17 silly audit   '@babel/helpers': [ '7.28.6' ],
17 silly audit   '@babel/parser': [ '7.29.0' ],
17 silly audit   '@babel/plugin-syntax-async-generators': [ '7.8.4' ],
17 silly audit   '@babel/plugin-syntax-bigint': [ '7.8.3' ],
17 silly audit   '@babel/plugin-syntax-class-properties': [ '7.12.13' ],
17 silly audit   '@babel/plugin-syntax-class-static-block': [ '7.14.5' ],
17 silly audit   '@babel/plugin-syntax-import-attributes': [ '7.28.6' ],
17 silly audit   '@babel/plugin-syntax-import-meta': [ '7.10.4' ],
17 silly audit   '@babel/plugin-syntax-json-strings': [ '7.8.3' ],
17 silly audit   '@babel/plugin-syntax-jsx': [ '7.28.6' ],
17 silly audit   '@babel/plugin-syntax-logical-assignment-operators': [ '7.10.4' ],
17 silly audit   '@babel/plugin-syntax-nullish-coalescing-operator': [ '7.8.3' ],
17 silly audit   '@babel/plugin-syntax-numeric-separator': [ '7.10.4' ],
17 silly audit   '@babel/plugin-syntax-object-rest-spread': [ '7.8.3' ],
17 silly audit   '@babel/plugin-syntax-optional-catch-binding': [ '7.8.3' ],
17 silly audit   '@babel/plugin-syntax-optional-chaining': [ '7.8.3' ],
17 silly audit   '@babel/plugin-syntax-private-property-in-object': [ '7.14.5' ],
17 silly audit   '@babel/plugin-syntax-top-level-await': [ '7.14.5' ],
17 silly audit   '@babel/plugin-syntax-typescript': [ '7.28.6' ],
17 silly audit   '@babel/runtime': [ '7.29.2' ],
17 silly audit   '@babel/template': [ '7.28.6' ],
17 silly audit   '@babel/traverse': [ '7.29.0' ],
17 silly audit   '@babel/types': [ '7.29.0' ],
17 silly audit   '@bcoe/v8-coverage': [ '0.2.3' ],
17 silly audit   '@bufbuild/protobuf': [ '1.10.1' ],
17 silly audit   '@chevrotain/cst-dts-gen': [ '10.5.0' ],
17 silly audit   '@chevrotain/gast': [ '10.5.0' ],
17 silly audit   '@chevrotain/types': [ '10.5.0' ],
17 silly audit   '@chevrotain/utils': [ '10.5.0' ],
17 silly audit   '@csstools/color-helpers': [ '5.1.0' ],
17 silly audit   '@csstools/css-calc': [ '2.1.4' ],
17 silly audit   '@csstools/css-color-parser': [ '3.1.0' ],
17 silly audit   '@csstools/css-parser-algorithms': [ '3.0.5' ],
17 silly audit   '@csstools/css-tokenizer': [ '3.0.4' ],
17 silly audit   '@electric-sql/pglite': [ '0.3.15' ],
17 silly audit   '@electric-sql/pglite-socket': [ '0.0.20' ],
17 silly audit   '@electric-sql/pglite-tools': [ '0.2.20' ],
17 silly audit   '@emnapi/core': [ '1.9.0', '1.8.1' ],
17 silly audit   '@emnapi/runtime': [ '1.9.0', '1.8.1' ],
17 silly audit   '@emnapi/wasi-threads': [ '1.2.0', '1.1.0' ],
17 silly audit   '@esbuild/aix-ppc64': [ '0.27.4' ],
17 silly audit   '@esbuild/android-arm': [ '0.27.4' ],
17 silly audit   '@esbuild/android-arm64': [ '0.27.4' ],
17 silly audit   '@esbuild/android-x64': [ '0.27.4' ],
17 silly audit   '@esbuild/darwin-arm64': [ '0.27.4' ],
17 silly audit   '@esbuild/darwin-x64': [ '0.27.4' ],
17 silly audit   '@esbuild/freebsd-arm64': [ '0.27.4' ],
17 silly audit   '@esbuild/freebsd-x64': [ '0.27.4' ],
17 silly audit   '@esbuild/linux-arm': [ '0.27.4' ],
17 silly audit   '@esbuild/linux-arm64': [ '0.27.4' ],
17 silly audit   '@esbuild/linux-ia32': [ '0.27.4' ],
17 silly audit   '@esbuild/linux-loong64': [ '0.27.4' ],
17 silly audit   '@esbuild/linux-mips64el': [ '0.27.4' ],
17 silly audit   '@esbuild/linux-ppc64': [ '0.27.4' ],
17 silly audit   '@esbuild/linux-riscv64': [ '0.27.4' ],
17 silly audit   '@esbuild/linux-s390x': [ '0.27.4' ],
17 silly audit   '@esbuild/linux-x64': [ '0.27.4' ],
17 silly audit   '@esbuild/netbsd-arm64': [ '0.27.4' ],
17 silly audit   '@esbuild/netbsd-x64': [ '0.27.4' ],
17 silly audit   '@esbuild/openbsd-arm64': [ '0.27.4' ],
17 silly audit   '@esbuild/openbsd-x64': [ '0.27.4' ],
17 silly audit   '@esbuild/openharmony-arm64': [ '0.27.4' ],
17 silly audit   '@esbuild/sunos-x64': [ '0.27.4' ],
17 silly audit   '@esbuild/win32-arm64': [ '0.27.4' ],
17 silly audit   '@esbuild/win32-ia32': [ '0.27.4' ],
17 silly audit   '@esbuild/win32-x64': [ '0.27.4' ],
17 silly audit   '@eslint-community/eslint-utils': [ '4.9.1' ],
17 silly audit   'eslint-visitor-keys': [ '3.4.3', '5.0.1', '4.2.1' ],
17 silly audit   '@eslint-community/regexpp': [ '4.12.2' ],
17 silly audit   '@eslint/config-array': [ '0.21.2' ],
17 silly audit   '@eslint/config-helpers': [ '0.4.2' ],
17 silly audit   '@eslint/core': [ '0.17.0' ],
17 silly audit   '@eslint/eslintrc': [ '3.3.5' ],
17 silly audit   '@eslint/js': [ '9.39.4' ],
17 silly audit   '@eslint/object-schema': [ '2.1.7' ],
17 silly audit   '@eslint/plugin-kit': [ '0.4.1' ],
17 silly audit   '@floating-ui/core': [ '1.7.5' ],
17 silly audit   '@floating-ui/dom': [ '1.7.4' ],
17 silly audit   '@floating-ui/utils': [ '0.2.11' ],
17 silly audit   '@graphql-tools/merge': [ '9.1.7' ],
17 silly audit   '@graphql-tools/schema': [ '10.0.31' ],
17 silly audit   '@graphql-tools/utils': [ '11.0.0' ],
17 silly audit   '@graphql-typed-document-node/core': [ '3.2.0' ],
17 silly audit   '@hono/node-server': [ '1.19.9' ],
17 silly audit   '@humanfs/core': [ '0.19.1' ],
17 silly audit   '@humanfs/node': [ '0.16.7' ],
17 silly audit   '@humanwhocodes/module-importer': [ '1.0.1' ],
17 silly audit   '@humanwhocodes/retry': [ '0.4.3' ],
17 silly audit   '@img/colour': [ '1.1.0' ],
17 silly audit   '@img/sharp-darwin-arm64': [ '0.34.5' ],
17 silly audit   '@img/sharp-darwin-x64': [ '0.34.5' ],
17 silly audit   '@img/sharp-libvips-darwin-arm64': [ '1.2.4' ],
17 silly audit   '@img/sharp-libvips-darwin-x64': [ '1.2.4' ],
17 silly audit   '@img/sharp-libvips-linux-arm': [ '1.2.4' ],
17 silly audit   '@img/sharp-libvips-linux-arm64': [ '1.2.4' ],
17 silly audit   '@img/sharp-libvips-linux-ppc64': [ '1.2.4' ],
17 silly audit   '@img/sharp-libvips-linux-riscv64': [ '1.2.4' ],
17 silly audit   '@img/sharp-libvips-linux-s390x': [ '1.2.4' ],
17 silly audit   '@img/sharp-libvips-linux-x64': [ '1.2.4' ],
17 silly audit   '@img/sharp-libvips-linuxmusl-arm64': [ '1.2.4' ],
17 silly audit   '@img/sharp-libvips-linuxmusl-x64': [ '1.2.4' ],
17 silly audit   '@img/sharp-linux-arm': [ '0.34.5' ],
17 silly audit   '@img/sharp-linux-arm64': [ '0.34.5' ],
17 silly audit   '@img/sharp-linux-ppc64': [ '0.34.5' ],
17 silly audit   '@img/sharp-linux-riscv64': [ '0.34.5' ],
17 silly audit   '@img/sharp-linux-s390x': [ '0.34.5' ],
17 silly audit   '@img/sharp-linux-x64': [ '0.34.5' ],
17 silly audit   '@img/sharp-linuxmusl-arm64': [ '0.34.5' ],
17 silly audit   '@img/sharp-linuxmusl-x64': [ '0.34.5' ],
17 silly audit   '@img/sharp-wasm32': [ '0.34.5' ],
17 silly audit   '@img/sharp-win32-arm64': [ '0.34.5' ],
17 silly audit   '@img/sharp-win32-ia32': [ '0.34.5' ],
17 silly audit   '@img/sharp-win32-x64': [ '0.34.5' ],
17 silly audit   '@ioredis/commands': [ '1.5.1' ],
17 silly audit   '@isaacs/cliui': [ '8.0.2' ],
17 silly audit   '@istanbuljs/load-nyc-config': [ '1.1.0' ],
17 silly audit   argparse: [ '1.0.10', '2.0.1' ],
17 silly audit   'find-up': [ '4.1.0', '5.0.0' ],
17 silly audit   'js-yaml': [ '3.14.2', '4.1.1' ],
17 silly audit   'locate-path': [ '5.0.0', '6.0.0' ],
17 silly audit   'p-limit': [ '2.3.0', '3.1.0' ],
17 silly audit   'p-locate': [ '4.1.0', '5.0.0' ],
17 silly audit   'resolve-from': [ '5.0.0', '4.0.0' ],
17 silly audit   '@istanbuljs/schema': [ '0.1.6' ],
17 silly audit   '@jest/console': [ '30.3.0' ],
17 silly audit   '@jest/core': [ '30.3.0' ],
17 silly audit   'ansi-styles': [ '5.2.0', '4.3.0', '6.2.3' ],
17 silly audit   'jest-config': [ '30.3.0' ],
17 silly audit   'pretty-format': [ '30.3.0', '27.5.1' ],
17 silly audit   'react-is': [ '18.3.1', '17.0.2', '16.13.1' ],
17 silly audit   '@jest/diff-sequences': [ '30.3.0' ],
17 silly audit   '@jest/environment': [ '30.3.0' ],
17 silly audit   '@jest/environment-jsdom-abstract': [ '30.3.0' ],
17 silly audit   '@jest/expect': [ '30.3.0' ],
17 silly audit   '@jest/expect-utils': [ '30.3.0' ],
17 silly audit   '@jest/fake-timers': [ '30.3.0' ],
17 silly audit   '@jest/get-type': [ '30.1.0' ],
17 silly audit   '@jest/globals': [ '30.3.0' ],
17 silly audit   '@jest/pattern': [ '30.0.1' ],
17 silly audit   '@jest/reporters': [ '30.3.0' ],
17 silly audit   '@jest/schemas': [ '30.0.5' ],
17 silly audit   '@jest/snapshot-utils': [ '30.3.0' ],
17 silly audit   '@jest/source-map': [ '30.0.1' ],
17 silly audit   '@jest/test-result': [ '30.3.0' ],
17 silly audit   '@jest/test-sequencer': [ '30.3.0' ],
17 silly audit   '@jest/transform': [ '30.3.0' ],
17 silly audit   '@jest/types': [ '30.3.0' ],
17 silly audit   '@jridgewell/gen-mapping': [ '0.3.13' ],
17 silly audit   '@jridgewell/remapping': [ '2.3.5' ],
17 silly audit   '@jridgewell/resolve-uri': [ '3.1.2' ],
17 silly audit   '@jridgewell/sourcemap-codec': [ '1.5.5' ],
17 silly audit   '@jridgewell/trace-mapping': [ '0.3.31' ],
17 silly audit   '@livekit/components-core': [ '0.12.13' ],
17 silly audit   loglevel: [ '1.9.1', '1.9.2' ],
17 silly audit   '@livekit/components-react': [ '2.9.20' ],
17 silly audit   '@livekit/components-styles': [ '1.2.0' ],
17 silly audit   '@livekit/mutex': [ '1.1.1' ],
17 silly audit   '@livekit/protocol': [ '1.45.3' ],
17 silly audit   '@mrleebo/prisma-ast': [ '0.13.1' ],
17 silly audit   '@napi-rs/wasm-runtime': [ '0.2.12', '1.1.1' ],
17 silly audit   '@next/env': [ '16.1.6' ],
17 silly audit   '@next/eslint-plugin-next': [ '16.1.6' ],
17 silly audit   '@next/swc-darwin-arm64': [ '16.1.6' ],
17 silly audit   '@next/swc-darwin-x64': [ '16.1.6' ],
17 silly audit   '@next/swc-linux-arm64-gnu': [ '16.1.6' ],
17 silly audit   '@next/swc-linux-arm64-musl': [ '16.1.6' ],
17 silly audit   '@next/swc-linux-x64-gnu': [ '16.1.6' ],
17 silly audit   '@next/swc-linux-x64-musl': [ '16.1.6' ],
17 silly audit   '@next/swc-win32-arm64-msvc': [ '16.1.6' ],
17 silly audit   '@next/swc-win32-x64-msvc': [ '16.1.6' ],
17 silly audit   '@nodelib/fs.scandir': [ '2.1.5' ],
17 silly audit   '@nodelib/fs.stat': [ '2.0.5' ],
17 silly audit   '@nodelib/fs.walk': [ '1.2.8' ],
17 silly audit   '@nolyfill/is-core-module': [ '1.0.39' ],
17 silly audit   '@pkgjs/parseargs': [ '0.11.0' ],
17 silly audit   '@pkgr/core': [ '0.2.9' ],
17 silly audit   '@prisma/adapter-pg': [ '7.8.0' ],
17 silly audit   '@prisma/client': [ '7.5.0' ],
17 silly audit   '@prisma/client-runtime-utils': [ '7.5.0' ],
17 silly audit   '@prisma/config': [ '7.5.0' ],
17 silly audit   '@prisma/debug': [ '7.5.0', '7.8.0', '7.2.0' ],
17 silly audit   '@prisma/dev': [ '0.20.0' ],
17 silly audit   '@prisma/driver-adapter-utils': [ '7.8.0' ],
17 silly audit   '@prisma/engines': [ '7.5.0' ],
17 silly audit   '@prisma/engines-version': [ '7.5.0-15.280c870be64f457428992c43c1f6d557fab6e29e' ],
17 silly audit   '@prisma/get-platform': [ '7.5.0', '7.2.0' ],
17 silly audit   '@prisma/fetch-engine': [ '7.5.0' ],
17 silly audit   '@prisma/query-plan-executor': [ '7.2.0' ],
17 silly audit   '@prisma/studio-core': [ '0.21.1' ],
17 silly audit   '@protobufjs/aspromise': [ '1.1.2' ],
17 silly audit   '@protobufjs/base64': [ '1.1.2' ],
17 silly audit   '@protobufjs/codegen': [ '2.0.4' ],
17 silly audit   '@protobufjs/eventemitter': [ '1.1.0' ],
17 silly audit   '@protobufjs/fetch': [ '1.1.0' ],
17 silly audit   '@protobufjs/float': [ '1.0.2' ],
17 silly audit   '@protobufjs/inquire': [ '1.1.0' ],
17 silly audit   '@protobufjs/path': [ '1.1.2' ],
17 silly audit   '@protobufjs/pool': [ '1.1.0' ],
17 silly audit   '@protobufjs/utf8': [ '1.1.0' ],
17 silly audit   '@radix-ui/react-compose-refs': [ '1.1.2' ],
17 silly audit   '@radix-ui/react-slot': [ '1.2.4' ],
17 silly audit   '@redis/bloom': [ '5.12.1' ],
17 silly audit   '@redis/client': [ '5.12.1' ],
17 silly audit   '@redis/json': [ '5.12.1' ],
17 silly audit   '@redis/search': [ '5.12.1' ],
17 silly audit   '@redis/time-series': [ '5.12.1' ],
17 silly audit   '@rtsao/scc': [ '1.1.0' ],
17 silly audit   '@sinclair/typebox': [ '0.34.49' ],
17 silly audit   '@sinonjs/commons': [ '3.0.1' ],
17 silly audit   '@sinonjs/fake-timers': [ '15.3.2' ],
17 silly audit   '@socket.io/component-emitter': [ '3.1.2' ],
17 silly audit   '@socket.io/redis-adapter': [ '8.3.0' ],
17 silly audit   debug: [ '4.3.7', '4.4.3', '3.2.7' ],
17 silly audit   '@standard-schema/spec': [ '1.1.0' ],
17 silly audit   '@swc/helpers': [ '0.5.15' ],
17 silly audit   '@tailwindcss/node': [ '4.2.1' ],
17 silly audit   '@tailwindcss/oxide': [ '4.2.1' ],
17 silly audit   '@tailwindcss/oxide-android-arm64': [ '4.2.1' ],
17 silly audit   '@tailwindcss/oxide-darwin-arm64': [ '4.2.1' ],
17 silly audit   '@tailwindcss/oxide-darwin-x64': [ '4.2.1' ],
17 silly audit   '@tailwindcss/oxide-freebsd-x64': [ '4.2.1' ],
17 silly audit   '@tailwindcss/oxide-linux-arm-gnueabihf': [ '4.2.1' ],
17 silly audit   '@tailwindcss/oxide-linux-arm64-gnu': [ '4.2.1' ],
17 silly audit   '@tailwindcss/oxide-linux-arm64-musl': [ '4.2.1' ],
17 silly audit   '@tailwindcss/oxide-linux-x64-gnu': [ '4.2.1' ],
17 silly audit   '@tailwindcss/oxide-linux-x64-musl': [ '4.2.1' ],
17 silly audit   '@tailwindcss/oxide-win32-arm64-msvc': [ '4.2.1' ],
17 silly audit   '@tailwindcss/oxide-win32-x64-msvc': [ '4.2.1' ],
17 silly audit   '@tailwindcss/postcss': [ '4.2.1' ],
17 silly audit   '@testing-library/dom': [ '10.4.1' ],
17 silly audit   'aria-query': [ '5.3.0', '5.3.2' ],
17 silly audit   '@testing-library/jest-dom': [ '6.9.1' ],
17 silly audit   'dom-accessibility-api': [ '0.6.3', '0.5.16' ],
17 silly audit   '@testing-library/react': [ '16.3.2' ],
17 silly audit   '@testing-library/user-event': [ '14.6.1' ],
17 silly audit   '@tybys/wasm-util': [ '0.10.1' ],
17 silly audit   '@types/aria-query': [ '5.0.4' ],
17 silly audit   '@types/babel__core': [ '7.20.5' ],
17 silly audit   '@types/babel__generator': [ '7.27.0' ],
17 silly audit   '@types/babel__template': [ '7.4.4' ],
17 silly audit   '@types/babel__traverse': [ '7.28.0' ],
17 silly audit   '@types/bcryptjs': [ '2.4.6' ],
17 silly audit   '@types/body-parser': [ '1.19.6' ],
17 silly audit   '@types/connect': [ '3.4.38' ],
17 silly audit   '@types/cors': [ '2.8.19' ],
17 silly audit   '@types/dom-mediacapture-record': [ '1.0.22' ],
17 silly audit   '@types/estree': [ '1.0.8' ],
17 silly audit   '@types/express': [ '5.0.6' ],
17 silly audit   '@types/express-serve-static-core': [ '5.1.1' ],
17 silly audit   '@types/http-errors': [ '2.0.5' ],
17 silly audit   '@types/istanbul-lib-coverage': [ '2.0.6' ],
17 silly audit   '@types/istanbul-lib-report': [ '3.0.3' ],
17 silly audit   '@types/istanbul-reports': [ '3.0.4' ],
17 silly audit   '@types/jest': [ '30.0.0' ],
17 silly audit   '@types/jsdom': [ '21.1.7' ],
17 silly audit   '@types/json-schema': [ '7.0.15' ],
17 silly audit   '@types/json5': [ '0.0.29' ],
17 silly audit   '@types/jsonwebtoken': [ '9.0.10' ],
17 silly audit   '@types/lodash': [ '4.17.24' ],
17 silly audit   '@types/lodash.debounce': [ '4.0.9' ],
17 silly audit   '@types/long': [ '4.0.2' ],
17 silly audit   '@types/ms': [ '2.1.0' ],
17 silly audit   '@types/node': [ '20.19.37' ],
17 silly audit   '@types/pg': [ '8.20.0' ],
17 silly audit   '@types/qs': [ '6.15.0' ],
17 silly audit   '@types/range-parser': [ '1.2.7' ],
17 silly audit   '@types/react': [ '19.2.14' ],
17 silly audit   '@types/react-dom': [ '19.2.3' ],
17 silly audit   '@types/send': [ '1.2.1' ],
17 silly audit   '@types/serve-static': [ '2.2.0' ],
17 silly audit   '@types/stack-utils': [ '2.0.3' ],
17 silly audit   '@types/tough-cookie': [ '4.0.5' ],
17 silly audit   '@types/ws': [ '8.18.1' ],
17 silly audit   '@types/yargs': [ '17.0.35' ],
17 silly audit   '@types/yargs-parser': [ '21.0.3' ],
17 silly audit   '@typescript-eslint/eslint-plugin': [ '8.57.0' ],
17 silly audit   ignore: [ '7.0.5', '5.3.2' ],
17 silly audit   '@typescript-eslint/parser': [ '8.57.0' ],
17 silly audit   '@typescript-eslint/project-service': [ '8.57.0' ],
17 silly audit   '@typescript-eslint/scope-manager': [ '8.57.0' ],
17 silly audit   '@typescript-eslint/tsconfig-utils': [ '8.57.0' ],
17 silly audit   '@typescript-eslint/type-utils': [ '8.57.0' ],
17 silly audit   '@typescript-eslint/types': [ '8.57.0' ],
17 silly audit   '@typescript-eslint/typescript-estree': [ '8.57.0' ],
17 silly audit   'balanced-match': [ '4.0.4', '1.0.2' ],
17 silly audit   'brace-expansion': [ '5.0.4', '1.1.12', '2.1.0' ],
17 silly audit   minimatch: [ '10.2.4', '9.0.9', '3.1.5' ],
17 silly audit   semver: [ '7.7.4', '6.3.1' ],
17 silly audit   '@typescript-eslint/utils': [ '8.57.0' ],
17 silly audit   '@typescript-eslint/visitor-keys': [ '8.57.0' ],
17 silly audit   '@ungap/structured-clone': [ '1.3.0' ],
17 silly audit   '@unrs/resolver-binding-android-arm-eabi': [ '1.11.1' ],
17 silly audit   '@unrs/resolver-binding-android-arm64': [ '1.11.1' ],
17 silly audit   '@unrs/resolver-binding-darwin-arm64': [ '1.11.1' ],
17 silly audit   '@unrs/resolver-binding-darwin-x64': [ '1.11.1' ],
17 silly audit   '@unrs/resolver-binding-freebsd-x64': [ '1.11.1' ],
17 silly audit   '@unrs/resolver-binding-linux-arm-gnueabihf': [ '1.11.1' ],
17 silly audit   '@unrs/resolver-binding-linux-arm-musleabihf': [ '1.11.1' ],
17 silly audit   '@unrs/resolver-binding-linux-arm64-gnu': [ '1.11.1' ],
17 silly audit   '@unrs/resolver-binding-linux-arm64-musl': [ '1.11.1' ],
17 silly audit   '@unrs/resolver-binding-linux-ppc64-gnu': [ '1.11.1' ],
17 silly audit   '@unrs/resolver-binding-linux-riscv64-gnu': [ '1.11.1' ],
17 silly audit   '@unrs/resolver-binding-linux-riscv64-musl': [ '1.11.1' ],
17 silly audit   '@unrs/resolver-binding-linux-s390x-gnu': [ '1.11.1' ],
17 silly audit   '@unrs/resolver-binding-linux-x64-gnu': [ '1.11.1' ],
17 silly audit   '@unrs/resolver-binding-linux-x64-musl': [ '1.11.1' ],
17 silly audit   '@unrs/resolver-binding-wasm32-wasi': [ '1.11.1' ],
17 silly audit   '@unrs/resolver-binding-win32-arm64-msvc': [ '1.11.1' ],
17 silly audit   '@unrs/resolver-binding-win32-ia32-msvc': [ '1.11.1' ],
17 silly audit   '@unrs/resolver-binding-win32-x64-msvc': [ '1.11.1' ],
17 silly audit   '@whatwg-node/promise-helpers': [ '1.3.2' ],
17 silly audit   '@wry/caches': [ '1.0.1' ],
17 silly audit   '@wry/context': [ '0.7.4' ],
17 silly audit   '@wry/equality': [ '0.5.7' ],
17 silly audit   '@wry/trie': [ '0.5.0' ],
17 silly audit   accepts: [ '1.3.8', '2.0.0' ],
17 silly audit   negotiator: [ '0.6.3', '1.0.0' ],
17 silly audit   acorn: [ '8.16.0' ],
17 silly audit   'acorn-jsx': [ '5.3.2' ],
17 silly audit   'agent-base': [ '7.1.4' ],
17 silly audit   ajv: [ '6.14.0' ],
17 silly audit   'ansi-escapes': [ '4.3.2' ],
17 silly audit   'ansi-regex': [ '5.0.1', '6.2.2' ],
17 silly audit   anymatch: [ '3.1.3' ],
17 silly audit   'array-buffer-byte-length': [ '1.0.2' ],
17 silly audit   'array-includes': [ '3.1.9' ],
17 silly audit   'array.prototype.findlast': [ '1.2.5' ],
17 silly audit   'array.prototype.findlastindex': [ '1.2.6' ],
17 silly audit   'array.prototype.flat': [ '1.3.3' ],
17 silly audit   'array.prototype.flatmap': [ '1.3.3' ],
17 silly audit   'array.prototype.tosorted': [ '1.1.4' ],
17 silly audit   'arraybuffer.prototype.slice': [ '1.0.4' ],
17 silly audit   'ast-types-flow': [ '0.0.8' ],
17 silly audit   'async-function': [ '1.0.0' ],
17 silly audit   'async-retry': [ '1.3.3' ],
17 silly audit   'available-typed-arrays': [ '1.0.7' ],
17 silly audit   'aws-ssl-profiles': [ '1.1.2' ],
17 silly audit   'axe-core': [ '4.11.1' ],
17 silly audit   'axobject-query': [ '4.1.0' ],
17 silly audit   'babel-jest': [ '30.3.0' ],
17 silly audit   'babel-plugin-istanbul': [ '7.0.1' ],
17 silly audit   'babel-plugin-jest-hoist': [ '30.3.0' ],
17 silly audit   'babel-preset-current-node-syntax': [ '1.2.0' ],
17 silly audit   'babel-preset-jest': [ '30.3.0' ],
17 silly audit   base64id: [ '2.0.0' ],
17 silly audit   'baseline-browser-mapping': [ '2.10.8' ],
17 silly audit   bcryptjs: [ '3.0.3' ],
17 silly audit   'body-parser': [ '2.2.2' ],
17 silly audit   braces: [ '3.0.3' ],
17 silly audit   browserslist: [ '4.28.1' ],
17 silly audit   'bs-logger': [ '0.2.6' ],
17 silly audit   bser: [ '2.1.1' ],
17 silly audit   'buffer-equal-constant-time': [ '1.0.1' ],
17 silly audit   'buffer-from': [ '1.1.2' ],
17 silly audit   bytes: [ '3.1.2' ],
17 silly audit   c12: [ '3.1.0' ],
17 silly audit   dotenv: [ '16.6.1', '17.4.2' ],
17 silly audit   'call-bind': [ '1.0.8' ],
17 silly audit   'call-bind-apply-helpers': [ '1.0.2' ],
17 silly audit   'call-bound': [ '1.0.4' ],
17 silly audit   callsites: [ '3.1.0' ],
17 silly audit   camelcase: [ '5.3.1', '8.0.0', '6.3.0' ],
17 silly audit   'camelcase-keys': [ '9.1.3' ],
17 silly audit   'type-fest': [ '4.41.0', '0.21.3' ],
17 silly audit   'caniuse-lite': [ '1.0.30001779' ],
17 silly audit   chalk: [ '4.1.2' ],
17 silly audit   'char-regex': [ '1.0.2' ],
17 silly audit   chevrotain: [ '10.5.0' ],
17 silly audit   chokidar: [ '4.0.3' ],
17 silly audit   'ci-info': [ '4.4.0' ],
17 silly audit   citty: [ '0.1.6', '0.2.1' ],
17 silly audit   'cjs-module-lexer': [ '2.2.0' ],
17 silly audit   'class-variance-authority': [ '0.7.1' ],
17 silly audit   'client-only': [ '0.0.1' ],
17 silly audit   cliui: [ '8.0.1' ],
17 silly audit   'emoji-regex': [ '8.0.0', '9.2.2' ],
17 silly audit   'string-width': [ '4.2.3', '5.1.2' ],
17 silly audit   'strip-ansi': [ '6.0.1', '7.2.0' ],
17 silly audit   'wrap-ansi': [ '7.0.0', '8.1.0' ],
17 silly audit   clsx: [ '2.1.1' ],
17 silly audit   'cluster-key-slot': [ '1.1.2' ],
17 silly audit   co: [ '4.6.0' ],
17 silly audit   'collect-v8-coverage': [ '1.0.3' ],
17 silly audit   'color-convert': [ '2.0.1' ],
17 silly audit   'color-name': [ '1.1.4' ],
17 silly audit   'concat-map': [ '0.0.1' ],
17 silly audit   confbox: [ '0.2.4' ],
17 silly audit   consola: [ '3.4.2' ],
17 silly audit   'content-disposition': [ '1.1.0' ],
17 silly audit   'content-type': [ '1.0.5' ],
17 silly audit   'convert-source-map': [ '2.0.0' ],
17 silly audit   cookie: [ '0.7.2' ],
17 silly audit   'cookie-signature': [ '1.2.2' ],
17 silly audit   cors: [ '2.8.6' ],
17 silly audit   'cross-inspect': [ '1.0.1' ],
17 silly audit   'cross-spawn': [ '7.0.6' ],
17 silly audit   'css.escape': [ '1.5.1' ],
17 silly audit   cssstyle: [ '4.6.0' ],
17 silly audit   csstype: [ '3.2.3' ],
17 silly audit   'damerau-levenshtein': [ '1.0.8' ],
17 silly audit   'data-urls': [ '5.0.0' ],
17 silly audit   'data-view-buffer': [ '1.0.2' ],
17 silly audit   'data-view-byte-length': [ '1.0.2' ],
17 silly audit   'data-view-byte-offset': [ '1.0.1' ],
17 silly audit   'decimal.js': [ '10.6.0' ],
17 silly audit   dedent: [ '1.7.2' ],
17 silly audit   'deep-is': [ '0.1.4' ],
17 silly audit   deepmerge: [ '4.3.1' ],
17 silly audit   'deepmerge-ts': [ '7.1.5' ],
17 silly audit   'define-data-property': [ '1.1.4' ],
17 silly audit   'define-properties': [ '1.2.1' ],
17 silly audit   defu: [ '6.1.4' ],
17 silly audit   denque: [ '2.1.0' ],
17 silly audit   depd: [ '2.0.0' ],
17 silly audit   dequal: [ '2.0.3' ],
17 silly audit   destr: [ '2.0.5' ],
17 silly audit   'detect-libc': [ '2.1.2' ],
17 silly audit   'detect-newline': [ '3.1.0' ],
17 silly audit   doctrine: [ '2.1.0' ],
17 silly audit   'dunder-proto': [ '1.0.1' ],
17 silly audit   eastasianwidth: [ '0.2.0' ],
17 silly audit   'ecdsa-sig-formatter': [ '1.0.11' ],
17 silly audit   'ee-first': [ '1.1.1' ],
17 silly audit   effect: [ '3.18.4' ],
17 silly audit   'electron-to-chromium': [ '1.5.313' ],
17 silly audit   emittery: [ '0.13.1' ],
17 silly audit   empathic: [ '2.0.0' ],
17 silly audit   encodeurl: [ '2.0.0' ],
17 silly audit   'engine.io': [ '6.6.6' ],
17 silly audit   'engine.io-client': [ '6.6.4' ],
17 silly audit   'engine.io-parser': [ '5.2.3' ],
17 silly audit   'enhanced-resolve': [ '5.20.0' ],
17 silly audit   entities: [ '6.0.1' ],
17 silly audit   'error-ex': [ '1.3.4' ],
17 silly audit   'es-abstract': [ '1.24.1' ],
17 silly audit   'es-define-property': [ '1.0.1' ],
17 silly audit   'es-errors': [ '1.3.0' ],
17 silly audit   'es-iterator-helpers': [ '1.3.1' ],
17 silly audit   'es-object-atoms': [ '1.1.1' ],
17 silly audit   'es-set-tostringtag': [ '2.1.0' ],
17 silly audit   'es-shim-unscopables': [ '1.1.0' ],
17 silly audit   'es-to-primitive': [ '1.3.0' ],
17 silly audit   esbuild: [ '0.27.4' ],
17 silly audit   escalade: [ '3.2.0' ],
17 silly audit   'escape-html': [ '1.0.3' ],
17 silly audit   'escape-string-regexp': [ '4.0.0', '2.0.0' ],
17 silly audit   eslint: [ '9.39.4' ],
17 silly audit   'eslint-config-next': [ '16.1.6' ],
17 silly audit   globals: [ '16.4.0', '14.0.0' ],
17 silly audit   'eslint-import-resolver-node': [ '0.3.9' ],
17 silly audit   'eslint-import-resolver-typescript': [ '3.10.1' ],
17 silly audit   'eslint-module-utils': [ '2.12.1' ],
17 silly audit   'eslint-plugin-import': [ '2.32.0' ],
17 silly audit   'eslint-plugin-jsx-a11y': [ '6.10.2' ],
17 silly audit   'eslint-plugin-react': [ '7.37.5' ],
17 silly audit   'eslint-plugin-react-hooks': [ '7.0.1' ],
17 silly audit   resolve: [ '2.0.0-next.6', '1.22.11' ],
17 silly audit   'eslint-scope': [ '8.4.0' ],
17 silly audit   espree: [ '10.4.0' ],
17 silly audit   esprima: [ '4.0.1' ],
17 silly audit   esquery: [ '1.7.0' ],
17 silly audit   esrecurse: [ '4.3.0' ],
17 silly audit   estraverse: [ '5.3.0' ],
17 silly audit   esutils: [ '2.0.3' ],
17 silly audit   etag: [ '1.8.1' ],
17 silly audit   events: [ '3.3.0' ],
17 silly audit   execa: [ '5.1.1' ],
17 silly audit   'signal-exit': [ '3.0.7', '4.1.0' ],
17 silly audit   'exit-x': [ '0.2.2' ],
17 silly audit   expect: [ '30.3.0' ],
17 silly audit   express: [ '5.2.1' ],
17 silly audit   'mime-db': [ '1.54.0', '1.52.0' ],
17 silly audit   'mime-types': [ '3.0.2', '2.1.35' ],
17 silly audit   exsolve: [ '1.0.8' ],
17 silly audit   'fast-check': [ '3.23.2' ],
17 silly audit   'fast-deep-equal': [ '3.1.3' ],
17 silly audit   'fast-glob': [ '3.3.1' ],
17 silly audit   'glob-parent': [ '5.1.2', '6.0.2' ],
17 silly audit   'fast-json-stable-stringify': [ '2.1.0' ],
17 silly audit   'fast-levenshtein': [ '2.0.6' ],
17 silly audit   fastq: [ '1.20.1' ],
17 silly audit   'fb-watchman': [ '2.0.2' ],
17 silly audit   'file-entry-cache': [ '8.0.0' ],
17 silly audit   'fill-range': [ '7.1.1' ],
17 silly audit   finalhandler: [ '2.1.1' ],
17 silly audit   'flat-cache': [ '4.0.1' ],
17 silly audit   flatted: [ '3.4.1' ],
17 silly audit   'for-each': [ '0.3.5' ],
17 silly audit   'foreground-child': [ '3.3.1' ],
17 silly audit   forwarded: [ '0.2.0' ],
17 silly audit   'framer-motion': [ '12.36.0' ],
17 silly audit   fresh: [ '2.0.0' ],
17 silly audit   'fs.realpath': [ '1.0.0' ],
17 silly audit   fsevents: [ '2.3.3' ],
17 silly audit   'function-bind': [ '1.1.2' ],
17 silly audit   'function.prototype.name': [ '1.1.8' ],
17 silly audit   'functions-have-names': [ '1.2.3' ],
17 silly audit   'generate-function': [ '2.3.1' ],
17 silly audit   'generator-function': [ '2.0.1' ],
17 silly audit   gensync: [ '1.0.0-beta.2' ],
17 silly audit   'get-caller-file': [ '2.0.5' ],
17 silly audit   'get-intrinsic': [ '1.3.0' ],
17 silly audit   'get-package-type': [ '0.1.0' ],
17 silly audit   'get-port-please': [ '3.2.0' ],
17 silly audit   'get-proto': [ '1.0.1' ],
17 silly audit   'get-stream': [ '6.0.1' ],
17 silly audit   'get-symbol-description': [ '1.1.0' ],
17 silly audit   'get-tsconfig': [ '4.13.6' ],
17 silly audit   giget: [ '2.0.0' ],
17 silly audit   glob: [ '10.5.0', '7.2.3' ],
17 silly audit   globalthis: [ '1.0.4' ],
17 silly audit   gopd: [ '1.2.0' ],
17 silly audit   'graceful-fs': [ '4.2.11' ],
17 silly audit   grammex: [ '3.1.12' ],
17 silly audit   graphmatch: [ '1.1.1' ],
17 silly audit   graphql: [ '16.13.1' ],
17 silly audit   'graphql-redis-subscriptions': [ '2.7.0' ],
17 silly audit   'graphql-subscriptions': [ '3.0.0' ],
17 silly audit   'graphql-tag': [ '2.12.6' ],
17 silly audit   handlebars: [ '4.7.9' ],
17 silly audit   'has-bigints': [ '1.1.0' ],
17 silly audit   'has-flag': [ '4.0.0' ],
17 silly audit   'has-property-descriptors': [ '1.0.2' ],
17 silly audit   'has-proto': [ '1.2.0' ],
17 silly audit   'has-symbols': [ '1.1.0' ],
17 silly audit   'has-tostringtag': [ '1.0.2' ],
17 silly audit   hasown: [ '2.0.2' ],
17 silly audit   'hermes-estree': [ '0.25.1' ],
17 silly audit   'hermes-parser': [ '0.25.1' ],
17 silly audit   hono: [ '4.11.4' ],
17 silly audit   'html-encoding-sniffer': [ '4.0.0' ],
17 silly audit   'html-escaper': [ '2.0.2' ],
17 silly audit   'http-errors': [ '2.0.1' ],
17 silly audit   'http-proxy-agent': [ '7.0.2' ],
17 silly audit   'http-status-codes': [ '2.3.0' ],
17 silly audit   'https-proxy-agent': [ '7.0.6' ],
17 silly audit   'human-signals': [ '2.1.0' ],
17 silly audit   'iconv-lite': [ '0.7.2', '0.6.3' ],
17 silly audit   'import-fresh': [ '3.3.1' ],
17 silly audit   'import-local': [ '3.2.0' ],
17 silly audit   imurmurhash: [ '0.1.4' ],
17 silly audit   'indent-string': [ '4.0.0' ],
17 silly audit   inflight: [ '1.0.6' ],
17 silly audit   inherits: [ '2.0.4' ],
17 silly audit   'internal-slot': [ '1.1.0' ],
17 silly audit   ioredis: [ '5.10.1' ],
17 silly audit   'ipaddr.js': [ '1.9.1' ],
17 silly audit   'is-array-buffer': [ '3.0.5' ],
17 silly audit   'is-arrayish': [ '0.2.1' ],
17 silly audit   'is-async-function': [ '2.1.1' ],
17 silly audit   'is-bigint': [ '1.1.0' ],
17 silly audit   'is-boolean-object': [ '1.2.2' ],
17 silly audit   'is-bun-module': [ '2.0.0' ],
17 silly audit   'is-callable': [ '1.2.7' ],
17 silly audit   'is-core-module': [ '2.16.1' ],
17 silly audit   'is-data-view': [ '1.0.2' ],
17 silly audit   'is-date-object': [ '1.1.0' ],
17 silly audit   'is-extglob': [ '2.1.1' ],
17 silly audit   'is-finalizationregistry': [ '1.1.1' ],
17 silly audit   'is-fullwidth-code-point': [ '3.0.0' ],
17 silly audit   'is-generator-fn': [ '2.1.0' ],
17 silly audit   'is-generator-function': [ '1.1.2' ],
17 silly audit   'is-glob': [ '4.0.3' ],
17 silly audit   'is-map': [ '2.0.3' ],
17 silly audit   'is-negative-zero': [ '2.0.3' ],
17 silly audit   'is-number': [ '7.0.0' ],
17 silly audit   'is-number-object': [ '1.1.1' ],
17 silly audit   'is-potential-custom-element-name': [ '1.0.1' ],
17 silly audit   'is-promise': [ '4.0.0' ],
17 silly audit   'is-property': [ '1.0.2' ],
17 silly audit   'is-regex': [ '1.2.1' ],
17 silly audit   'is-set': [ '2.0.3' ],
17 silly audit   'is-shared-array-buffer': [ '1.0.4' ],
17 silly audit   'is-stream': [ '2.0.1' ],
17 silly audit   'is-string': [ '1.1.1' ],
17 silly audit   'is-symbol': [ '1.1.1' ],
17 silly audit   'is-typed-array': [ '1.1.15' ],
17 silly audit   'is-weakmap': [ '2.0.2' ],
17 silly audit   'is-weakref': [ '1.1.1' ],
17 silly audit   'is-weakset': [ '2.0.4' ],
17 silly audit   isarray: [ '2.0.5' ],
17 silly audit   isexe: [ '2.0.0' ],
17 silly audit   'istanbul-lib-coverage': [ '3.2.2' ],
17 silly audit   'istanbul-lib-instrument': [ '6.0.3' ],
17 silly audit   'istanbul-lib-report': [ '3.0.1' ],
17 silly audit   'istanbul-lib-source-maps': [ '5.0.6' ],
17 silly audit   'istanbul-reports': [ '3.2.0' ],
17 silly audit   'iterator.prototype': [ '1.1.5' ],
17 silly audit   jackspeak: [ '3.4.3' ],
17 silly audit   jest: [ '30.3.0' ],
17 silly audit   'jest-changed-files': [ '30.3.0' ],
17 silly audit   'jest-circus': [ '30.3.0' ],
17 silly audit   'pure-rand': [ '7.0.1', '6.1.0' ],
17 silly audit   'jest-cli': [ '30.3.0' ],
17 silly audit   'jest-diff': [ '30.3.0' ],
17 silly audit   'jest-docblock': [ '30.2.0' ],
17 silly audit   'jest-each': [ '30.3.0' ],
17 silly audit   'jest-environment-jsdom': [ '30.3.0' ],
17 silly audit   'jest-environment-node': [ '30.3.0' ],
17 silly audit   'jest-haste-map': [ '30.3.0' ],
17 silly audit   picomatch: [ '4.0.4', '2.3.1', '4.0.3' ],
17 silly audit   'jest-leak-detector': [ '30.3.0' ],
17 silly audit   'jest-matcher-utils': [ '30.3.0' ],
17 silly audit   'jest-message-util': [ '30.3.0' ],
17 silly audit   'jest-mock': [ '30.3.0' ],
17 silly audit   'jest-pnp-resolver': [ '1.2.3' ],
17 silly audit   'jest-regex-util': [ '30.0.1' ],
17 silly audit   'jest-resolve': [ '30.3.0' ],
17 silly audit   'jest-resolve-dependencies': [ '30.3.0' ],
17 silly audit   'jest-runner': [ '30.3.0' ],
17 silly audit   'jest-runtime': [ '30.3.0' ],
17 silly audit   'strip-bom': [ '4.0.0', '3.0.0' ],
17 silly audit   'jest-snapshot': [ '30.3.0' ],
17 silly audit   'jest-util': [ '30.3.0' ],
17 silly audit   'jest-validate': [ '30.3.0' ],
17 silly audit   'jest-watcher': [ '30.3.0' ],
17 silly audit   'jest-worker': [ '30.3.0' ],
17 silly audit   'supports-color': [ '8.1.1', '7.2.0' ],
17 silly audit   jiti: [ '2.6.1' ],
17 silly audit   jose: [ '6.2.3', '5.10.0' ],
17 silly audit   'js-tokens': [ '4.0.0' ],
17 silly audit   jsdom: [ '26.1.0' ],
17 silly audit   jsesc: [ '3.1.0' ],
17 silly audit   'json-buffer': [ '3.0.1' ],
17 silly audit   'json-parse-even-better-errors': [ '2.3.1' ],
17 silly audit   'json-schema-traverse': [ '0.4.1' ],
17 silly audit   'json-stable-stringify-without-jsonify': [ '1.0.1' ],
17 silly audit   json5: [ '2.2.3', '1.0.2' ],
17 silly audit   jsonwebtoken: [ '9.0.3' ],
17 silly audit   'jsx-ast-utils': [ '3.3.5' ],
17 silly audit   jwa: [ '2.0.1' ],
17 silly audit   jws: [ '4.0.1' ],
17 silly audit   keyv: [ '4.5.4' ],
17 silly audit   'language-subtag-registry': [ '0.3.23' ],
17 silly audit   'language-tags': [ '1.0.9' ],
17 silly audit   leven: [ '3.1.0' ],
17 silly audit   levn: [ '0.4.1' ],
17 silly audit   lightningcss: [ '1.31.1' ],
17 silly audit   'lightningcss-android-arm64': [ '1.31.1' ],
17 silly audit   'lightningcss-darwin-arm64': [ '1.31.1' ],
17 silly audit   'lightningcss-darwin-x64': [ '1.31.1' ],
17 silly audit   'lightningcss-freebsd-x64': [ '1.31.1' ],
17 silly audit   'lightningcss-linux-arm-gnueabihf': [ '1.31.1' ],
17 silly audit   'lightningcss-linux-arm64-gnu': [ '1.31.1' ],
17 silly audit   'lightningcss-linux-arm64-musl': [ '1.31.1' ],
17 silly audit   'lightningcss-linux-x64-gnu': [ '1.31.1' ],
17 silly audit   'lightningcss-linux-x64-musl': [ '1.31.1' ],
17 silly audit   'lightningcss-win32-arm64-msvc': [ '1.31.1' ],
17 silly audit   'lightningcss-win32-x64-msvc': [ '1.31.1' ],
17 silly audit   lilconfig: [ '2.1.0' ],
17 silly audit   'lines-and-columns': [ '1.2.4' ],
17 silly audit   'livekit-client': [ '2.18.7' ],
17 silly audit   'livekit-server-sdk': [ '2.15.2' ],
17 silly audit   lodash: [ '4.17.21' ],
17 silly audit   'lodash.debounce': [ '4.0.8' ],
17 silly audit   'lodash.defaults': [ '4.2.0' ],
17 silly audit   'lodash.includes': [ '4.3.0' ],
17 silly audit   'lodash.isarguments': [ '3.1.0' ],
17 silly audit   'lodash.isboolean': [ '3.0.3' ],
17 silly audit   'lodash.isinteger': [ '4.0.4' ],
17 silly audit   'lodash.isnumber': [ '3.0.3' ],
17 silly audit   'lodash.isplainobject': [ '4.0.6' ],
17 silly audit   'lodash.isstring': [ '4.0.1' ],
17 silly audit   'lodash.memoize': [ '4.1.2' ],
17 silly audit   'lodash.merge': [ '4.6.2' ],
17 silly audit   'lodash.once': [ '4.1.1' ],
17 silly audit   'lodash.sortby': [ '4.7.0' ],
17 silly audit   long: [ '4.0.0', '5.3.2' ],
17 silly audit   'loose-envify': [ '1.4.0' ],
17 silly audit   'lru.min': [ '1.1.4' ],
17 silly audit   'lucide-react': [ '0.577.0' ],
17 silly audit   'lz-string': [ '1.5.0' ],
17 silly audit   'magic-string': [ '0.30.21' ],
17 silly audit   'make-dir': [ '4.0.0' ],
17 silly audit   'make-error': [ '1.3.6' ],
17 silly audit   makeerror: [ '1.0.12' ],
17 silly audit   'map-obj': [ '5.0.0' ],
17 silly audit   'math-intrinsics': [ '1.1.0' ],
17 silly audit   'media-typer': [ '1.1.0' ],
17 silly audit   'merge-descriptors': [ '2.0.0' ],
17 silly audit   'merge-stream': [ '2.0.0' ],
17 silly audit   merge2: [ '1.4.1' ],
17 silly audit   micromatch: [ '4.0.8' ],
17 silly audit   'mimic-fn': [ '2.1.0' ],
17 silly audit   'min-indent': [ '1.0.1' ],
17 silly audit   minimist: [ '1.2.8' ],
17 silly audit   minipass: [ '7.1.3' ],
17 silly audit   'motion-dom': [ '12.36.0' ],
17 silly audit   'motion-utils': [ '12.36.0' ],
17 silly audit   ms: [ '2.1.3' ],
17 silly audit   mysql2: [ '3.15.3' ],
17 silly audit   'named-placeholders': [ '1.1.6' ],
17 silly audit   nanoid: [ '3.3.11' ],
17 silly audit   'napi-postinstall': [ '0.3.4' ],
17 silly audit   'natural-compare': [ '1.4.0' ],
17 silly audit   'neo-async': [ '2.6.2' ],
17 silly audit   next: [ '16.1.6' ],
17 silly audit   postcss: [ '8.4.31', '8.5.8' ],
17 silly audit   'node-exports-info': [ '1.6.0' ],
17 silly audit   'node-fetch-native': [ '1.6.7' ],
17 silly audit   'node-int64': [ '0.4.0' ],
17 silly audit   'node-releases': [ '2.0.36' ],
17 silly audit   'normalize-path': [ '3.0.0' ],
17 silly audit   'notepack.io': [ '3.0.1' ],
17 silly audit   'npm-run-path': [ '4.0.1' ],
17 silly audit   nwsapi: [ '2.2.23' ],
17 silly audit   nypm: [ '0.6.5' ],
17 silly audit   'object-assign': [ '4.1.1' ],
17 silly audit   'object-inspect': [ '1.13.4' ],
17 silly audit   'object-keys': [ '1.1.1' ],
17 silly audit   'object.assign': [ '4.1.7' ],
17 silly audit   'object.entries': [ '1.1.9' ],
17 silly audit   'object.fromentries': [ '2.0.8' ],
17 silly audit   'object.groupby': [ '1.0.3' ],
17 silly audit   'object.values': [ '1.2.1' ],
17 silly audit   ohash: [ '2.0.11' ],
17 silly audit   'on-finished': [ '2.4.1' ],
17 silly audit   once: [ '1.4.0' ],
17 silly audit   onetime: [ '5.1.2' ],
17 silly audit   optimism: [ '0.18.1' ],
17 silly audit   optionator: [ '0.9.4' ],
17 silly audit   'own-keys': [ '1.0.1' ],
17 silly audit   'p-try': [ '2.2.0' ],
17 silly audit   'package-json-from-dist': [ '1.0.1' ],
17 silly audit   'parent-module': [ '1.0.1' ],
17 silly audit   'parse-json': [ '5.2.0' ],
17 silly audit   parse5: [ '7.3.0' ],
17 silly audit   parseurl: [ '1.3.3' ],
17 silly audit   'path-exists': [ '4.0.0' ],
17 silly audit   'path-is-absolute': [ '1.0.1' ],
17 silly audit   'path-key': [ '3.1.1' ],
17 silly audit   'path-parse': [ '1.0.7' ],
17 silly audit   'path-scurry': [ '1.11.1' ],
17 silly audit   'path-to-regexp': [ '8.4.2' ],
17 silly audit   pathe: [ '2.0.3' ],
17 silly audit   'perfect-debounce': [ '1.0.0' ],
17 silly audit   pg: [ '8.20.0' ],
17 silly audit   'pg-cloudflare': [ '1.3.0' ],
17 silly audit   'pg-connection-string': [ '2.12.0' ],
17 silly audit   'pg-int8': [ '1.0.1' ],
17 silly audit   'pg-pool': [ '3.13.0' ],
17 silly audit   'pg-protocol': [ '1.13.0' ],
17 silly audit   'pg-types': [ '2.2.0' ],
17 silly audit   'postgres-array': [ '2.0.0', '3.0.4' ],
17 silly audit   pgpass: [ '1.0.5' ],
17 silly audit   picocolors: [ '1.1.1' ],
17 silly audit   pirates: [ '4.0.7' ],
17 silly audit   'pkg-dir': [ '4.2.0' ],
17 silly audit   'pkg-types': [ '2.3.0' ],
17 silly audit   'possible-typed-array-names': [ '1.1.0' ],
17 silly audit   postgres: [ '3.4.7' ],
17 silly audit   'postgres-bytea': [ '1.0.1' ],
17 silly audit   'postgres-date': [ '1.0.7' ],
17 silly audit   'postgres-interval': [ '1.2.0' ],
17 silly audit   'prelude-ls': [ '1.2.1' ],
17 silly audit   prisma: [ '7.5.0' ],
17 silly audit   'prop-types': [ '15.8.1' ],
17 silly audit   'proper-lockfile': [ '4.1.2' ],
17 silly audit   retry: [ '0.12.0', '0.13.1' ],
17 silly audit   'proxy-addr': [ '2.0.7' ],
17 silly audit   punycode: [ '2.3.1' ],
17 silly audit   qs: [ '6.15.0' ],
17 silly audit   'queue-microtask': [ '1.2.3' ],
17 silly audit   'quick-lru': [ '6.1.2' ],
17 silly audit   'range-parser': [ '1.2.1' ],
17 silly audit   'raw-body': [ '3.0.2' ],
17 silly audit   rc9: [ '2.1.2' ],
17 silly audit   react: [ '19.2.3' ],
17 silly audit   'react-dom': [ '19.2.3' ],
17 silly audit   readdirp: [ '4.1.2' ],
17 silly audit   redent: [ '3.0.0' ],
17 silly audit   redis: [ '5.12.1' ],
17 silly audit   'redis-errors': [ '1.2.0' ],
17 silly audit   'redis-parser': [ '3.0.0' ],
17 silly audit   'reflect.getprototypeof': [ '1.0.10' ],
17 silly audit   'regexp-to-ast': [ '0.5.0' ],
17 silly audit   'regexp.prototype.flags': [ '1.5.4' ],
17 silly audit   remeda: [ '2.33.4' ],
17 silly audit   'require-directory': [ '2.1.1' ],
17 silly audit   'resolve-cwd': [ '3.0.0' ],
17 silly audit   'resolve-pkg-maps': [ '1.0.0' ],
17 silly audit   reusify: [ '1.1.0' ],
17 silly audit   router: [ '2.2.0' ],
17 silly audit   'rrweb-cssom': [ '0.8.0' ],
17 silly audit   'run-parallel': [ '1.2.0' ],
17 silly audit   rxjs: [ '7.8.2' ],
17 silly audit   'safe-array-concat': [ '1.1.3' ],
17 silly audit   'safe-buffer': [ '5.2.1' ],
17 silly audit   'safe-push-apply': [ '1.0.0' ],
17 silly audit   'safe-regex-test': [ '1.1.0' ],
17 silly audit   'safer-buffer': [ '2.1.2' ],
17 silly audit   saxes: [ '6.0.0' ],
17 silly audit   scheduler: [ '0.27.0' ],
17 silly audit   sdp: [ '3.2.2' ],
17 silly audit   'sdp-transform': [ '2.15.0' ],
17 silly audit   send: [ '1.2.1' ],
17 silly audit   'seq-queue': [ '0.0.5' ],
17 silly audit   'serve-static': [ '2.2.1' ],
17 silly audit   'set-function-length': [ '1.2.2' ],
17 silly audit   'set-function-name': [ '2.0.2' ],
17 silly audit   'set-proto': [ '1.0.0' ],
17 silly audit   setprototypeof: [ '1.2.0' ],
17 silly audit   'sha.js': [ '2.4.12' ],
17 silly audit   sharp: [ '0.34.5' ],
17 silly audit   'shebang-command': [ '2.0.0' ],
17 silly audit   'shebang-regex': [ '3.0.0' ],
17 silly audit   'side-channel': [ '1.1.0' ],
17 silly audit   'side-channel-list': [ '1.0.0' ],
17 silly audit   'side-channel-map': [ '1.0.1' ],
17 silly audit   'side-channel-weakmap': [ '1.0.2' ],
17 silly audit   slash: [ '3.0.0' ],
17 silly audit   'socket.io': [ '4.8.3' ],
17 silly audit   'socket.io-adapter': [ '2.5.6' ],
17 silly audit   'socket.io-client': [ '4.8.3' ],
17 silly audit   'socket.io-parser': [ '4.2.5' ],
17 silly audit   'source-map': [ '0.6.1' ],
17 silly audit   'source-map-js': [ '1.2.1' ],
17 silly audit   'source-map-support': [ '0.5.13' ],
17 silly audit   split2: [ '4.2.0' ],
17 silly audit   'sprintf-js': [ '1.0.3' ],
17 silly audit   sqlstring: [ '2.3.3' ],
17 silly audit   'stable-hash': [ '0.0.5' ],
17 silly audit   'stack-utils': [ '2.0.6' ],
17 silly audit   'standard-as-callback': [ '2.1.0' ],
17 silly audit   statuses: [ '2.0.2' ],
17 silly audit   'std-env': [ '3.10.0' ],
17 silly audit   'stop-iteration-iterator': [ '1.1.0' ],
17 silly audit   'string-length': [ '4.0.2' ],
17 silly audit   'string.prototype.includes': [ '2.0.1' ],
17 silly audit   'string.prototype.matchall': [ '4.0.12' ],
17 silly audit   'string.prototype.repeat': [ '1.0.0' ],
17 silly audit   'string.prototype.trim': [ '1.2.10' ],
17 silly audit   'string.prototype.trimend': [ '1.0.9' ],
17 silly audit   'string.prototype.trimstart': [ '1.0.8' ],
17 silly audit   'strip-final-newline': [ '2.0.0' ],
17 silly audit   'strip-indent': [ '3.0.0' ],
17 silly audit   'strip-json-comments': [ '3.1.1' ],
17 silly audit   'styled-jsx': [ '5.1.6' ],
17 silly audit   'supports-preserve-symlinks-flag': [ '1.0.0' ],
17 silly audit   'symbol-tree': [ '3.2.4' ],
17 silly audit   synckit: [ '0.11.12' ],
17 silly audit   'tailwind-merge': [ '3.5.0' ],
17 silly audit   tailwindcss: [ '4.2.1' ],
17 silly audit   tapable: [ '2.3.0' ],
17 silly audit   'test-exclude': [ '6.0.0' ],
17 silly audit   tinyexec: [ '1.0.4' ],
17 silly audit   tinyglobby: [ '0.2.15' ],
17 silly audit   fdir: [ '6.5.0' ],
17 silly audit   tldts: [ '6.1.86' ],
17 silly audit   'tldts-core': [ '6.1.86' ],
17 silly audit   tmpl: [ '1.0.5' ],
17 silly audit   'to-buffer': [ '1.2.2' ],
17 silly audit   'to-regex-range': [ '5.0.1' ],
17 silly audit   toidentifier: [ '1.0.1' ],
17 silly audit   'tough-cookie': [ '5.1.2' ],
17 silly audit   tr46: [ '5.1.1' ],
17 silly audit   'ts-api-utils': [ '2.4.0' ],
17 silly audit   'ts-jest': [ '29.4.9' ],
17 silly audit   'tsconfig-paths': [ '3.15.0' ],
17 silly audit   tslib: [ '2.8.1' ],
17 silly audit   tsx: [ '4.21.0' ],
17 silly audit   'type-check': [ '0.4.0' ],
17 silly audit   'type-detect': [ '4.0.8' ],
17 silly audit   'type-is': [ '2.0.1' ],
17 silly audit   'typed-array-buffer': [ '1.0.3' ],
17 silly audit   'typed-array-byte-length': [ '1.0.3' ],
17 silly audit   'typed-array-byte-offset': [ '1.0.4' ],
17 silly audit   'typed-array-length': [ '1.0.7' ],
17 silly audit   'typed-emitter': [ '2.1.0' ],
17 silly audit   typescript: [ '5.9.3' ],
17 silly audit   'typescript-eslint': [ '8.57.0' ],
17 silly audit   'uglify-js': [ '3.19.3' ],
17 silly audit   uid2: [ '1.0.0' ],
17 silly audit   'unbox-primitive': [ '1.1.0' ],
17 silly audit   'undici-types': [ '6.21.0' ],
17 silly audit   unpipe: [ '1.0.0' ],
17 silly audit   'unrs-resolver': [ '1.11.1' ],
17 silly audit   'update-browserslist-db': [ '1.2.3' ],
17 silly audit   'uri-js': [ '4.4.1' ],
17 silly audit   'usehooks-ts': [ '3.1.1' ],
17 silly audit   uuid: [ '11.1.0' ],
17 silly audit   'v8-to-istanbul': [ '9.3.0' ],
17 silly audit   valibot: [ '1.2.0' ],
17 silly audit   vary: [ '1.1.2' ],
17 silly audit   'w3c-xmlserializer': [ '5.0.0' ],
17 silly audit   walker: [ '1.0.8' ],
17 silly audit   'webidl-conversions': [ '7.0.0' ],
17 silly audit   'webrtc-adapter': [ '9.0.5' ],
17 silly audit   'whatwg-encoding': [ '3.1.1' ],
17 silly audit   'whatwg-mimetype': [ '4.0.0' ],
17 silly audit   'whatwg-url': [ '14.2.0' ],
17 silly audit   which: [ '2.0.2' ],
17 silly audit   'which-boxed-primitive': [ '1.1.1' ],
17 silly audit   'which-builtin-type': [ '1.2.1' ],
17 silly audit   'which-collection': [ '1.0.2' ],
17 silly audit   'which-typed-array': [ '1.1.20' ],
17 silly audit   'word-wrap': [ '1.2.5' ],
17 silly audit   wordwrap: [ '1.0.0' ],
17 silly audit   wrappy: [ '1.0.2' ],
17 silly audit   'write-file-atomic': [ '5.0.1' ],
17 silly audit   ws: [ '8.18.3' ],
17 silly audit   'xml-name-validator': [ '5.0.0' ],
17 silly audit   xmlchars: [ '2.2.0' ],
17 silly audit   'xmlhttprequest-ssl': [ '2.1.2' ],
17 silly audit   xtend: [ '4.0.2' ],
17 silly audit   y18n: [ '5.0.8' ],
17 silly audit   yallist: [ '3.1.1' ],
17 silly audit   yargs: [ '17.7.2' ],
17 silly audit   'yargs-parser': [ '21.1.1' ],
17 silly audit   'yocto-queue': [ '0.1.0' ],
17 silly audit   zeptomatch: [ '2.1.0' ],
17 silly audit   zod: [ '4.3.6' ],
17 silly audit   'zod-validation-error': [ '4.0.2' ],
17 silly audit   '@tailwindcss/oxide-wasm32-wasi': [ '4.2.1' ]
17 silly audit }
18 http fetch POST 200 https://registry.npmjs.org/-/npm/v1/security/advisories/bulk 1575ms
19 silly audit report {
19 silly audit report   '@apollo/server': [
19 silly audit report     {
19 silly audit report       id: 1115452,
19 silly audit report       url: 'https://github.com/advisories/GHSA-9q82-xgwf-vj6h',
19 silly audit report       title: 'Apollo Server: Browser bug allows for bypass of XS-Search (read-only Cross-Site Request Forgery) prevention',
19 silly audit report       severity: 'moderate',
19 silly audit report       vulnerable_versions: '<5.5.0',
19 silly audit report       cwe: [Array],
19 silly audit report       cvss: [Object]
19 silly audit report     }
19 silly audit report   ],
19 silly audit report   '@hono/node-server': [
19 silly audit report     {
19 silly audit report       id: 1114170,
19 silly audit report       url: 'https://github.com/advisories/GHSA-wc8c-qw6v-h7f6',
19 silly audit report       title: '@hono/node-server has authorization bypass for protected static paths via encoded slashes in Serve Static Middleware',
19 silly audit report       severity: 'high',
19 silly audit report       vulnerable_versions: '<1.19.10',
19 silly audit report       cwe: [Array],
19 silly audit report       cvss: [Object]
19 silly audit report     },
19 silly audit report     {
19 silly audit report       id: 1116281,
19 silly audit report       url: 'https://github.com/advisories/GHSA-92pp-h63x-v22m',
19 silly audit report       title: '@hono/node-server: Middleware bypass via repeated slashes in serveStatic',
19 silly audit report       severity: 'moderate',
19 silly audit report       vulnerable_versions: '<1.19.13',
19 silly audit report       cwe: [Array],
19 silly audit report       cvss: [Object]
19 silly audit report     }
19 silly audit report   ],
19 silly audit report   'brace-expansion': [
19 silly audit report     {
19 silly audit report       id: 1115540,
19 silly audit report       url: 'https://github.com/advisories/GHSA-f886-m6hf-6m8v',
19 silly audit report       title: 'brace-expansion: Zero-step sequence causes process hang and memory exhaustion',
19 silly audit report       severity: 'moderate',
19 silly audit report       vulnerable_versions: '<1.1.13',
19 silly audit report       cwe: [Array],
19 silly audit report       cvss: [Object]
19 silly audit report     },
19 silly audit report     {
19 silly audit report       id: 1115543,
19 silly audit report       url: 'https://github.com/advisories/GHSA-f886-m6hf-6m8v',
19 silly audit report       title: 'brace-expansion: Zero-step sequence causes process hang and memory exhaustion',
19 silly audit report       severity: 'moderate',
19 silly audit report       vulnerable_versions: '>=4.0.0 <5.0.5',
19 silly audit report       cwe: [Array],
19 silly audit report       cvss: [Object]
19 silly audit report     }
19 silly audit report   ],
19 silly audit report   defu: [
19 silly audit report     {
19 silly audit report       id: 1116102,
19 silly audit report       url: 'https://github.com/advisories/GHSA-737v-mqg7-c878',
19 silly audit report       title: 'defu: Prototype pollution via `__proto__` key in defaults argument',
19 silly audit report       severity: 'high',
19 silly audit report       vulnerable_versions: '<=6.1.4',
19 silly audit report       cwe: [Array],
19 silly audit report       cvss: [Object]
19 silly audit report     }
19 silly audit report   ],
19 silly audit report   effect: [
19 silly audit report     {
19 silly audit report       id: 1115356,
19 silly audit report       url: 'https://github.com/advisories/GHSA-38f7-945m-qr2g',
19 silly audit report       title: 'Effect `AsyncLocalStorage` context lost/contaminated inside Effect fibers under concurrent load with RPC',
19 silly audit report       severity: 'high',
19 silly audit report       vulnerable_versions: '<3.20.0',
19 silly audit report       cwe: [Array],
19 silly audit report       cvss: [Object]
19 silly audit report     }
19 silly audit report   ],
19 silly audit report   flatted: [
19 silly audit report     {
19 silly audit report       id: 1115357,
19 silly audit report       url: 'https://github.com/advisories/GHSA-rf6f-7fwh-wjgh',
19 silly audit report       title: 'Prototype Pollution via parse() in NodeJS flatted',
19 silly audit report       severity: 'high',
19 silly audit report       vulnerable_versions: '<=3.4.1',
19 silly audit report       cwe: [Array],
19 silly audit report       cvss: [Object]
19 silly audit report     }
19 silly audit report   ],
19 silly audit report   hono: [
19 silly audit report     {
19 silly audit report       id: 1117915,
19 silly audit report       url: 'https://github.com/advisories/GHSA-qp7p-654g-cw7p',
19 silly audit report       title: 'Hono has CSS Declaration Injection via Style Object Values in JSX SSR',
19 silly audit report       severity: 'moderate',
19 silly audit report       vulnerable_versions: '<4.12.18',
19 silly audit report       cwe: [Array],
19 silly audit report       cvss: [Object]
19 silly audit report     },
19 silly audit report     {
19 silly audit report       id: 1117916,
19 silly audit report       url: 'https://github.com/advisories/GHSA-hm8q-7f3q-5f36',
19 silly audit report       title: 'Hono has improper validation of NumericDate claims (exp, nbf, iat) in JWT verify()',
19 silly audit report       severity: 'low',
19 silly audit report       vulnerable_versions: '<4.12.18',
19 silly audit report       cwe: [Array],
19 silly audit report       cvss: [Object]
19 silly audit report     },
19 silly audit report     {
19 silly audit report       id: 1117919,
19 silly audit report       url: 'https://github.com/advisories/GHSA-p77w-8qqv-26rm',
19 silly audit report       title: "Hono's Cache Middleware ignores Vary: Authorization / Vary: Cookie leading to cross-user cache leakage",
19 silly audit report       severity: 'moderate',
19 silly audit report       vulnerable_versions: '<4.12.18',
19 silly audit report       cwe: [Array],
19 silly audit report       cvss: [Object]
19 silly audit report     },
19 silly audit report     {
19 silly audit report       id: 1112644,
19 silly audit report       url: 'https://github.com/advisories/GHSA-9r54-q6cx-xmh5',
19 silly audit report       title: 'Hono vulnerable to XSS through ErrorBoundary component ',
19 silly audit report       severity: 'moderate',
19 silly audit report       vulnerable_versions: '<4.11.7',
19 silly audit report       cwe: [Array],
19 silly audit report       cvss: [Object]
19 silly audit report     },
19 silly audit report     {
19 silly audit report       id: 1112677,
19 silly audit report       url: 'https://github.com/advisories/GHSA-6wqw-2p9w-4vw4',
19 silly audit report       title: 'Hono cache middleware ignores "Cache-Control: private" leading to Web Cache Deception',
19 silly audit report       severity: 'moderate',
19 silly audit report       vulnerable_versions: '<4.11.7',
19 silly audit report       cwe: [Array],
19 silly audit report       cvss: [Object]
19 silly audit report     },
19 silly audit report     {
19 silly audit report       id: 1112678,
19 silly audit report       url: 'https://github.com/advisories/GHSA-r354-f388-2fhh',
19 silly audit report       title: 'Hono IPv4 address validation bypass in IP Restriction Middleware allows IP spoofing',
19 silly audit report       severity: 'moderate',
19 silly audit report       vulnerable_versions: '<4.11.7',
19 silly audit report       cwe: [Array],
19 silly audit report       cvss: [Object]
19 silly audit report     },
19 silly audit report     {
19 silly audit report       id: 1112911,
19 silly audit report       url: 'https://github.com/advisories/GHSA-w332-q679-j88p',
19 silly audit report       title: 'Hono has an Arbitrary Key Read in Serve static Middleware (Cloudflare Workers Adapter)',
19 silly audit report       severity: 'moderate',
19 silly audit report       vulnerable_versions: '<4.11.7',
19 silly audit report       cwe: [Array],
19 silly audit report       cvss: [Object]
19 silly audit report     },
19 silly audit report     {
19 silly audit report       id: 1113311,
19 silly audit report       url: 'https://github.com/advisories/GHSA-gq3j-xvxp-8hrf',
19 silly audit report       title: 'Hono added timing comparison hardening in basicAuth and bearerAuth',
19 silly audit report       severity: 'low',
19 silly audit report       vulnerable_versions: '<4.11.10',
19 silly audit report       cwe: [Array],
19 silly audit report       cvss: [Object]
19 silly audit report     },
19 silly audit report     {
19 silly audit report       id: 1114004,
19 silly audit report       url: 'https://github.com/advisories/GHSA-5pq2-9x2x-5p6w',
19 silly audit report       title: 'Hono Vulnerable to Cookie Attribute Injection via Unsanitized domain and path in setCookie()',
19 silly audit report       severity: 'moderate',
19 silly audit report       vulnerable_versions: '<4.12.4',
19 silly audit report       cwe: [Array],
19 silly audit report       cvss: [Object]
19 silly audit report     },
19 silly audit report     {
19 silly audit report       id: 1114005,
19 silly audit report       url: 'https://github.com/advisories/GHSA-p6xx-57qc-3wxr',
19 silly audit report       title: 'Hono Vulnerable to SSE Control Field Injection via CR/LF in writeSSE()',
19 silly audit report       severity: 'moderate',
19 silly audit report       vulnerable_versions: '<4.12.4',
19 silly audit report       cwe: [Array],
19 silly audit report       cvss: [Object]
19 silly audit report     },
19 silly audit report     {
19 silly audit report       id: 1114006,
19 silly audit report       url: 'https://github.com/advisories/GHSA-q5qw-h33p-qvwr',
19 silly audit report       title: 'Hono vulnerable to arbitrary file access via serveStatic vulnerability ',
19 silly audit report       severity: 'high',
19 silly audit report       vulnerable_versions: '<4.12.4',
19 silly audit report       cwe: [Array],
19 silly audit report       cvss: [Object]
19 silly audit report     },
19 silly audit report     {
19 silly audit report       id: 1114341,
19 silly audit report       url: 'https://github.com/advisories/GHSA-v8w9-8mx6-g223',
19 silly audit report       title: 'Hono vulnerable to Prototype Pollution possible through __proto__ key allowed in parseBody({ dot: true })',
19 silly audit report       severity: 'moderate',
19 silly audit report       vulnerable_versions: '<4.12.7',
19 silly audit report       cwe: [Array],
19 silly audit report       cvss: [Object]
19 silly audit report     },
19 silly audit report     {
19 silly audit report       id: 1116244,
19 silly audit report       url: 'https://github.com/advisories/GHSA-26pp-8wgv-hjvm',
19 silly audit report       title: 'Hono missing validation of cookie name on write path in setCookie()',
19 silly audit report       severity: 'moderate',
19 silly audit report       vulnerable_versions: '<4.12.12',
19 silly audit report       cwe: [Array],
19 silly audit report       cvss: [Object]
19 silly audit report     },
19 silly audit report     {
19 silly audit report       id: 1116277,
19 silly audit report       url: 'https://github.com/advisories/GHSA-r5rp-j6wh-rvv4',
19 silly audit report       title: 'Hono: Non-breaking space prefix bypass in cookie name handling in getCookie()',
19 silly audit report       severity: 'moderate',
19 silly audit report       vulnerable_versions: '<4.12.12',
19 silly audit report       cwe: [Array],
19 silly audit report       cvss: [Object]
19 silly audit report     },
19 silly audit report     {
19 silly audit report       id: 1116279,
19 silly audit report       url: 'https://github.com/advisories/GHSA-xf4j-xp2r-rqqx',
19 silly audit report       title: 'Hono: Path traversal in toSSG() allows writing files outside the output directory',
19 silly audit report       severity: 'moderate',
19 silly audit report       vulnerable_versions: '>=4.0.0 <=4.12.11',
19 silly audit report       cwe: [Array],
19 silly audit report       cvss: [Object]
19 silly audit report     },
19 silly audit report     {
19 silly audit report       id: 1116280,
19 silly audit report       url: 'https://github.com/advisories/GHSA-wmmm-f939-6g9c',
19 silly audit report       title: 'Hono: Middleware bypass via repeated slashes in serveStatic',
19 silly audit report       severity: 'moderate',
19 silly audit report       vulnerable_versions: '<4.12.12',
19 silly audit report       cwe: [Array],
19 silly audit report       cvss: [Object]
19 silly audit report     },
19 silly audit report     {
19 silly audit report       id: 1116669,
19 silly audit report       url: 'https://github.com/advisories/GHSA-458j-xx4x-4375',
19 silly audit report       title: 'hono Improperly Handles JSX Attribute Names Allows HTML Injection in hono/jsx SSR',
19 silly audit report       severity: 'moderate',
19 silly audit report       vulnerable_versions: '<4.12.14',
19 silly audit report       cwe: [Array],
19 silly audit report       cvss: [Object]
19 silly audit report     },
19 silly audit report     {
19 silly audit report       id: 1117087,
19 silly audit report       url: 'https://github.com/advisories/GHSA-xpcf-pg52-r92g',
19 silly audit report       title: 'Hono has incorrect IP matching in ipRestriction() for IPv4-mapped IPv6 addresses',
19 silly audit report       severity: 'moderate',
19 silly audit report       vulnerable_versions: '<4.12.12',
19 silly audit report       cwe: [Array],
19 silly audit report       cvss: [Object]
19 silly audit report     },
19 silly audit report     {
19 silly audit report       id: 1117763,
19 silly audit report       url: 'https://github.com/advisories/GHSA-9vqf-7f2p-gf9v',
19 silly audit report       title: 'Hono: bodyLimit() can be bypassed for chunked / unknown-length requests',
19 silly audit report       severity: 'moderate',
19 silly audit report       vulnerable_versions: '<4.12.16',
19 silly audit report       cwe: [Array],
19 silly audit report       cvss: [Object]
19 silly audit report     },
19 silly audit report     {
19 silly audit report       id: 1117764,
19 silly audit report       url: 'https://github.com/advisories/GHSA-69xw-7hcm-h432',
19 silly audit report       title: 'hono/jsx has Unvalidated JSX Tag Names that May Allow HTML Injection',
19 silly audit report       severity: 'moderate',
19 silly audit report       vulnerable_versions: '<4.12.16',
19 silly audit report       cwe: [Array],
19 silly audit report       cvss: [Object]
19 silly audit report     }
19 silly audit report   ],
19 silly audit report   picomatch: [
19 silly audit report     {
19 silly audit report       id: 1115549,
19 silly audit report       url: 'https://github.com/advisories/GHSA-3v7f-55p6-f55p',
19 silly audit report       title: 'Picomatch: Method Injection in POSIX Character Classes causes incorrect Glob Matching',
19 silly audit report       severity: 'moderate',
19 silly audit report       vulnerable_versions: '<2.3.2',
19 silly audit report       cwe: [Array],
19 silly audit report       cvss: [Object]
19 silly audit report     },
19 silly audit report     {
19 silly audit report       id: 1115551,
19 silly audit report       url: 'https://github.com/advisories/GHSA-3v7f-55p6-f55p',
19 silly audit report       title: 'Picomatch: Method Injection in POSIX Character Classes causes incorrect Glob Matching',
19 silly audit report       severity: 'moderate',
19 silly audit report       vulnerable_versions: '>=4.0.0 <4.0.4',
19 silly audit report       cwe: [Array],
19 silly audit report       cvss: [Object]
19 silly audit report     },
19 silly audit report     {
19 silly audit report       id: 1115552,
19 silly audit report       url: 'https://github.com/advisories/GHSA-c2c7-rcm5-vvqj',
19 silly audit report       title: 'Picomatch has a ReDoS vulnerability via extglob quantifiers',
19 silly audit report       severity: 'high',
19 silly audit report       vulnerable_versions: '<2.3.2',
19 silly audit report       cwe: [Array],
19 silly audit report       cvss: [Object]
19 silly audit report     },
19 silly audit report     {
19 silly audit report       id: 1115554,
19 silly audit report       url: 'https://github.com/advisories/GHSA-c2c7-rcm5-vvqj',
19 silly audit report       title: 'Picomatch has a ReDoS vulnerability via extglob quantifiers',
19 silly audit report       severity: 'high',
19 silly audit report       vulnerable_versions: '>=4.0.0 <4.0.4',
19 silly audit report       cwe: [Array],
19 silly audit report       cvss: [Object]
19 silly audit report     }
19 silly audit report   ],
19 silly audit report   lodash: [
19 silly audit report     {
19 silly audit report       id: 1112455,
19 silly audit report       url: 'https://github.com/advisories/GHSA-xxjr-mmjv-4gpg',
19 silly audit report       title: 'Lodash has Prototype Pollution Vulnerability in `_.unset` and `_.omit` functions',
19 silly audit report       severity: 'moderate',
19 silly audit report       vulnerable_versions: '>=4.0.0 <=4.17.22',
19 silly audit report       cwe: [Array],
19 silly audit report       cvss: [Object]
19 silly audit report     },
19 silly audit report     {
19 silly audit report       id: 1115806,
19 silly audit report       url: 'https://github.com/advisories/GHSA-r5fr-rjxr-66jc',
19 silly audit report       title: 'lodash vulnerable to Code Injection via `_.template` imports key names',
19 silly audit report       severity: 'high',
19 silly audit report       vulnerable_versions: '>=4.0.0 <=4.17.23',
19 silly audit report       cwe: [Array],
19 silly audit report       cvss: [Object]
19 silly audit report     },
19 silly audit report     {
19 silly audit report       id: 1115810,
19 silly audit report       url: 'https://github.com/advisories/GHSA-f23m-r3pf-42rh',
19 silly audit report       title: 'lodash vulnerable to Prototype Pollution via array path bypass in `_.unset` and `_.omit`',
19 silly audit report       severity: 'moderate',
19 silly audit report       vulnerable_versions: '<=4.17.23',
19 silly audit report       cwe: [Array],
19 silly audit report       cvss: [Object]
19 silly audit report     }
19 silly audit report   ],
19 silly audit report   next: [
19 silly audit report     {
19 silly audit report       id: 1114898,
19 silly audit report       url: 'https://github.com/advisories/GHSA-ggv3-7p47-pfv8',
19 silly audit report       title: 'Next.js: HTTP request smuggling in rewrites',
19 silly audit report       severity: 'moderate',
19 silly audit report       vulnerable_versions: '>=16.0.0-beta.0 <16.1.7',
19 silly audit report       cwe: [Array],
19 silly audit report       cvss: [Object]
19 silly audit report     },
19 silly audit report     {
19 silly audit report       id: 1114941,
19 silly audit report       url: 'https://github.com/advisories/GHSA-3x4c-7xq6-9pq8',
19 silly audit report       title: 'Next.js: Unbounded next/image disk cache growth can exhaust storage',
19 silly audit report       severity: 'moderate',
19 silly audit report       vulnerable_versions: '>=16.0.0-beta.0 <16.1.7',
19 silly audit report       cwe: [Array],
19 silly audit report       cvss: [Object]
19 silly audit report     },
19 silly audit report     {
19 silly audit report       id: 1114942,
19 silly audit report       url: 'https://github.com/advisories/GHSA-h27x-g6w4-24gq',
19 silly audit report       title: 'Next.js: Unbounded postponed resume buffering can lead to DoS',
19 silly audit report       severity: 'moderate',
19 silly audit report       vulnerable_versions: '>=16.0.1 <16.1.7',
19 silly audit report       cwe: [Array],
19 silly audit report       cvss: [Object]
19 silly audit report     },
19 silly audit report     {
19 silly audit report       id: 1114943,
19 silly audit report       url: 'https://github.com/advisories/GHSA-mq59-m269-xvcx',
19 silly audit report       title: 'Next.js: null origin can bypass Server Actions CSRF checks',
19 silly audit report       severity: 'moderate',
19 silly audit report       vulnerable_versions: '>=16.0.1 <16.1.7',
19 silly audit report       cwe: [Array],
19 silly audit report       cvss: [Object]
19 silly audit report     },
19 silly audit report     {
19 silly audit report       id: 1115360,
19 silly audit report       url: 'https://github.com/advisories/GHSA-jcc7-9wpm-mj36',
19 silly audit report       title: 'Next.js: null origin can bypass dev HMR websocket CSRF checks',
19 silly audit report       severity: 'low',
19 silly audit report       vulnerable_versions: '>=16.0.1 <16.1.7',
19 silly audit report       cwe: [Array],
19 silly audit report       cvss: [Object]
19 silly audit report     },
19 silly audit report     {
19 silly audit report       id: 1116375,
19 silly audit report       url: 'https://github.com/advisories/GHSA-q4gf-8mx6-v5v3',
19 silly audit report       title: 'Next.js has a Denial of Service with Server Components',
19 silly audit report       severity: 'high',
19 silly audit report       vulnerable_versions: '>=16.0.0-beta.0 <16.2.3',
19 silly audit report       cwe: [Array],
19 silly audit report       cvss: [Object]
19 silly audit report     }
19 silly audit report   ],
19 silly audit report   postcss: [
19 silly audit report     {
19 silly audit report       id: 1117015,
19 silly audit report       url: 'https://github.com/advisories/GHSA-qx2v-qp2m-jg93',
19 silly audit report       title: 'PostCSS has XSS via Unescaped </style> in its CSS Stringify Output',
19 silly audit report       severity: 'moderate',
19 silly audit report       vulnerable_versions: '<8.5.10',
19 silly audit report       cwe: [Array],
19 silly audit report       cvss: [Object]
19 silly audit report     }
19 silly audit report   ],
19 silly audit report   'socket.io-parser': [
19 silly audit report     {
19 silly audit report       id: 1115154,
19 silly audit report       url: 'https://github.com/advisories/GHSA-677m-j7p3-52f9',
19 silly audit report       title: 'socket.io allows an unbounded number of binary attachments',
19 silly audit report       severity: 'high',
19 silly audit report       vulnerable_versions: '>=4.0.0 <4.2.6',
19 silly audit report       cwe: [Array],
19 silly audit report       cvss: [Object]
19 silly audit report     }
19 silly audit report   ],
19 silly audit report   uuid: [
19 silly audit report     {
19 silly audit report       id: 1117637,
19 silly audit report       url: 'https://github.com/advisories/GHSA-w5hq-g745-h8pq',
19 silly audit report       title: 'uuid: Missing buffer bounds check in v3/v5/v6 when buf is provided',
19 silly audit report       severity: 'moderate',
19 silly audit report       vulnerable_versions: '>=11.0.0 <11.1.1',
19 silly audit report       cwe: [Array],
19 silly audit report       cvss: [Object]
19 silly audit report     }
19 silly audit report   ]
19 silly audit report }
20 silly packumentCache corgi:https://registry.npmjs.org/@apollo%2fserver cache-miss
21 silly packumentCache corgi:https://registry.npmjs.org/@hono%2fnode-server cache-miss
22 silly packumentCache corgi:https://registry.npmjs.org/brace-expansion cache-miss
23 silly packumentCache corgi:https://registry.npmjs.org/defu cache-miss
24 silly packumentCache corgi:https://registry.npmjs.org/effect cache-miss
25 silly packumentCache corgi:https://registry.npmjs.org/flatted cache-miss
26 silly packumentCache corgi:https://registry.npmjs.org/hono cache-miss
27 silly packumentCache corgi:https://registry.npmjs.org/picomatch cache-miss
28 silly packumentCache corgi:https://registry.npmjs.org/lodash cache-miss
29 silly packumentCache corgi:https://registry.npmjs.org/next cache-miss
30 silly packumentCache corgi:https://registry.npmjs.org/postcss cache-miss
31 silly packumentCache corgi:https://registry.npmjs.org/socket.io-parser cache-miss
32 silly packumentCache corgi:https://registry.npmjs.org/uuid cache-miss
33 http fetch GET 200 https://registry.npmjs.org/brace-expansion 326ms (cache miss)
34 silly packumentCache corgi:https://registry.npmjs.org/brace-expansion set size:undefined disposed:false
35 http fetch GET 200 https://registry.npmjs.org/@hono%2fnode-server 350ms (cache miss)
36 silly packumentCache corgi:https://registry.npmjs.org/@hono%2fnode-server set size:undefined disposed:false
37 http fetch GET 200 https://registry.npmjs.org/defu 357ms (cache miss)
38 silly packumentCache corgi:https://registry.npmjs.org/defu set size:undefined disposed:false
39 http fetch GET 200 https://registry.npmjs.org/flatted 369ms (cache miss)
40 silly packumentCache corgi:https://registry.npmjs.org/flatted set size:undefined disposed:false
41 http fetch GET 200 https://registry.npmjs.org/picomatch 390ms (cache miss)
42 silly packumentCache corgi:https://registry.npmjs.org/picomatch set size:undefined disposed:false
43 http fetch GET 200 https://registry.npmjs.org/lodash 399ms (cache miss)
44 silly packumentCache corgi:https://registry.npmjs.org/lodash set size:undefined disposed:false
45 http fetch GET 200 https://registry.npmjs.org/socket.io-parser 410ms (cache miss)
46 silly packumentCache corgi:https://registry.npmjs.org/socket.io-parser set size:undefined disposed:false
47 http fetch GET 200 https://registry.npmjs.org/uuid 415ms (cache miss)
48 silly packumentCache corgi:https://registry.npmjs.org/uuid set size:undefined disposed:false
49 http fetch GET 200 https://registry.npmjs.org/postcss 454ms (cache miss)
50 silly packumentCache corgi:https://registry.npmjs.org/postcss set size:undefined disposed:false
51 http fetch GET 200 https://registry.npmjs.org/@apollo%2fserver 800ms (cache miss)
52 silly packumentCache corgi:https://registry.npmjs.org/@apollo%2fserver set size:undefined disposed:false
53 http fetch GET 200 https://registry.npmjs.org/effect 908ms (cache miss)
54 silly packumentCache corgi:https://registry.npmjs.org/effect set size:undefined disposed:false
55 http fetch GET 200 https://registry.npmjs.org/hono 1094ms (cache miss)
56 silly packumentCache corgi:https://registry.npmjs.org/hono set size:undefined disposed:false
57 http fetch GET 200 https://registry.npmjs.org/next 2629ms (cache miss)
58 silly packumentCache corgi:https://registry.npmjs.org/next set size:undefined disposed:false
59 silly packumentCache corgi:https://registry.npmjs.org/@as-integrations%2fnext cache-miss
60 http fetch GET 200 https://registry.npmjs.org/@as-integrations%2fnext 560ms (cache miss)
61 silly packumentCache corgi:https://registry.npmjs.org/@as-integrations%2fnext set size:undefined disposed:false
62 silly packumentCache corgi:https://registry.npmjs.org/@prisma%2fdev cache-miss
63 http fetch GET 200 https://registry.npmjs.org/@prisma%2fdev 655ms (cache miss)
64 silly packumentCache corgi:https://registry.npmjs.org/@prisma%2fdev set size:undefined disposed:false
65 silly packumentCache corgi:https://registry.npmjs.org/minimatch cache-miss
66 http fetch GET 200 https://registry.npmjs.org/minimatch 167ms (cache miss)
67 silly packumentCache corgi:https://registry.npmjs.org/minimatch set size:undefined disposed:false
68 silly packumentCache corgi:https://registry.npmjs.org/c12 cache-miss
69 silly packumentCache corgi:https://registry.npmjs.org/giget cache-miss
70 silly packumentCache corgi:https://registry.npmjs.org/rc9 cache-miss
71 http fetch GET 200 https://registry.npmjs.org/giget 119ms (cache miss)
72 silly packumentCache corgi:https://registry.npmjs.org/giget set size:undefined disposed:false
73 http fetch GET 200 https://registry.npmjs.org/c12 326ms (cache miss)
74 silly packumentCache corgi:https://registry.npmjs.org/c12 set size:undefined disposed:false
75 http fetch GET 200 https://registry.npmjs.org/rc9 332ms (cache miss)
76 silly packumentCache corgi:https://registry.npmjs.org/rc9 set size:undefined disposed:false
77 silly packumentCache corgi:https://registry.npmjs.org/@prisma%2fconfig cache-miss
78 http fetch GET 200 https://registry.npmjs.org/@prisma%2fconfig 807ms (cache miss)
79 silly packumentCache corgi:https://registry.npmjs.org/@prisma%2fconfig set size:undefined disposed:false
80 silly packumentCache corgi:https://registry.npmjs.org/flat-cache cache-miss
81 http fetch GET 200 https://registry.npmjs.org/flat-cache 102ms (cache miss)
82 silly packumentCache corgi:https://registry.npmjs.org/flat-cache set size:undefined disposed:false
83 silly packumentCache corgi:https://registry.npmjs.org/anymatch cache-miss
84 silly packumentCache corgi:https://registry.npmjs.org/micromatch cache-miss
85 http fetch GET 200 https://registry.npmjs.org/anymatch 86ms (cache miss)
86 silly packumentCache corgi:https://registry.npmjs.org/anymatch set size:undefined disposed:false
87 http fetch GET 200 https://registry.npmjs.org/micromatch 95ms (cache miss)
88 silly packumentCache corgi:https://registry.npmjs.org/micromatch set size:undefined disposed:false
89 silly packumentCache corgi:https://registry.npmjs.org/tinyglobby cache-miss
90 silly packumentCache corgi:https://registry.npmjs.org/fdir cache-miss
91 http fetch GET 200 https://registry.npmjs.org/fdir 101ms (cache miss)
92 silly packumentCache corgi:https://registry.npmjs.org/fdir set size:undefined disposed:false
93 http fetch GET 200 https://registry.npmjs.org/tinyglobby 307ms (cache miss)
94 silly packumentCache corgi:https://registry.npmjs.org/tinyglobby set size:undefined disposed:false
95 silly packumentCache corgi:https://registry.npmjs.org/@chevrotain%2fcst-dts-gen cache-miss
96 silly packumentCache corgi:https://registry.npmjs.org/@chevrotain%2fgast cache-miss
97 silly packumentCache corgi:https://registry.npmjs.org/chevrotain cache-miss
98 http fetch GET 200 https://registry.npmjs.org/@chevrotain%2fcst-dts-gen 335ms (cache miss)
99 silly packumentCache corgi:https://registry.npmjs.org/@chevrotain%2fcst-dts-gen set size:undefined disposed:false
100 http fetch GET 200 https://registry.npmjs.org/chevrotain 373ms (cache miss)
101 silly packumentCache corgi:https://registry.npmjs.org/chevrotain set size:undefined disposed:false
102 http fetch GET 200 https://registry.npmjs.org/@chevrotain%2fgast 555ms (cache miss)
103 silly packumentCache corgi:https://registry.npmjs.org/@chevrotain%2fgast set size:undefined disposed:false
104 silly packumentCache corgi:https://registry.npmjs.org/@tailwindcss%2fpostcss cache-miss
105 http fetch GET 200 https://registry.npmjs.org/@tailwindcss%2fpostcss 609ms (cache miss)
106 silly packumentCache corgi:https://registry.npmjs.org/@tailwindcss%2fpostcss set size:undefined disposed:false
107 silly packumentCache corgi:https://registry.npmjs.org/socket.io cache-miss
108 silly packumentCache corgi:https://registry.npmjs.org/socket.io-client cache-miss
109 http fetch GET 200 https://registry.npmjs.org/socket.io-client 113ms (cache miss)
110 silly packumentCache corgi:https://registry.npmjs.org/socket.io-client set size:undefined disposed:false
111 http fetch GET 200 https://registry.npmjs.org/socket.io 500ms (cache miss)
112 silly packumentCache corgi:https://registry.npmjs.org/socket.io set size:undefined disposed:false
113 silly packumentCache corgi:https://registry.npmjs.org/prisma cache-miss
114 http fetch GET 200 https://registry.npmjs.org/prisma 2029ms (cache miss)
115 silly packumentCache corgi:https://registry.npmjs.org/prisma set size:undefined disposed:false
116 silly packumentCache corgi:https://registry.npmjs.org/@mrleebo%2fprisma-ast cache-miss
117 http fetch GET 200 https://registry.npmjs.org/@mrleebo%2fprisma-ast 1091ms (cache miss)
118 silly packumentCache corgi:https://registry.npmjs.org/@mrleebo%2fprisma-ast set size:undefined disposed:false
119 silly packumentCache corgi:https://registry.npmjs.org/@prisma%2fclient cache-miss
120 http fetch GET 200 https://registry.npmjs.org/@prisma%2fclient 4588ms (cache miss)
121 silly packumentCache corgi:https://registry.npmjs.org/@prisma%2fclient set size:undefined disposed:false
122 verbose cwd D:\yapper\yapper
123 verbose os Windows_NT 10.0.26200
124 verbose node v22.14.0
125 verbose npm  v11.7.0
126 verbose exit 0
127 info ok
