0 verbose cli C:\Program Files\nodejs\node.exe C:\Program Files\nodejs\node_modules\npm\bin\npm-cli.js
1 info using npm@10.9.2
2 info using node@v22.14.0
3 silly config load:file:C:\Program Files\nodejs\node_modules\npm\npmrc
4 silly config load:file:D:\yapper\yapper\.npmrc
5 silly config load:file:C:\Users\user\.npmrc
6 silly config load:file:C:\Users\user\AppData\Roaming\npm\etc\npmrc
7 verbose title npm ci
8 verbose argv "ci" "--omit" "dev" "--dry-run" "--cache" ".npm-cache"
9 verbose logfile logs-max:10 dir:D:\yapper\yapper\.npm-cache\_logs\2026-05-10T18_21_28_618Z-
10 verbose logfile D:\yapper\yapper\.npm-cache\_logs\2026-05-10T18_21_28_618Z-debug-0.log
11 silly logfile done cleaning log files
12 silly packumentCache heap:2197815296 maxSize:549453824 maxEntrySize:274726912
13 silly idealTree buildDeps
14 verbose shrinkwrap failed to load node_modules/.package-lock.json missing from lockfile: node_modules/@emnapi/core
15 silly ADD node_modules/lightningcss-win32-arm64-msvc
16 silly ADD node_modules/lightningcss-linux-x64-musl
17 silly ADD node_modules/lightningcss-linux-x64-gnu
18 silly ADD node_modules/lightningcss-linux-arm64-musl
19 silly ADD node_modules/lightningcss-linux-arm64-gnu
20 silly ADD node_modules/lightningcss-linux-arm-gnueabihf
21 silly ADD node_modules/lightningcss-freebsd-x64
22 silly ADD node_modules/lightningcss-darwin-x64
23 silly ADD node_modules/lightningcss-darwin-arm64
24 silly ADD node_modules/lightningcss-android-arm64
25 silly ADD node_modules/fsevents
26 silly ADD node_modules/@unrs/resolver-binding-win32-ia32-msvc
27 silly ADD node_modules/@unrs/resolver-binding-win32-arm64-msvc
28 silly ADD node_modules/@unrs/resolver-binding-wasm32-wasi
29 silly ADD node_modules/@unrs/resolver-binding-linux-x64-musl
30 silly ADD node_modules/@unrs/resolver-binding-linux-x64-gnu
31 silly ADD node_modules/@unrs/resolver-binding-linux-s390x-gnu
32 silly ADD node_modules/@unrs/resolver-binding-linux-riscv64-musl
33 silly ADD node_modules/@unrs/resolver-binding-linux-riscv64-gnu
34 silly ADD node_modules/@unrs/resolver-binding-linux-ppc64-gnu
35 silly ADD node_modules/@unrs/resolver-binding-linux-arm64-musl
36 silly ADD node_modules/@unrs/resolver-binding-linux-arm64-gnu
37 silly ADD node_modules/@unrs/resolver-binding-linux-arm-musleabihf
38 silly ADD node_modules/@unrs/resolver-binding-linux-arm-gnueabihf
39 silly ADD node_modules/@unrs/resolver-binding-freebsd-x64
40 silly ADD node_modules/@unrs/resolver-binding-darwin-x64
41 silly ADD node_modules/@unrs/resolver-binding-darwin-arm64
42 silly ADD node_modules/@unrs/resolver-binding-android-arm64
43 silly ADD node_modules/@unrs/resolver-binding-android-arm-eabi
44 silly ADD node_modules/@tailwindcss/oxide-win32-arm64-msvc
45 silly ADD node_modules/@tailwindcss/oxide-wasm32-wasi
46 silly ADD node_modules/@tailwindcss/oxide-linux-x64-musl
47 silly ADD node_modules/@tailwindcss/oxide-linux-x64-gnu
48 silly ADD node_modules/@tailwindcss/oxide-linux-arm64-musl
49 silly ADD node_modules/@tailwindcss/oxide-linux-arm64-gnu
50 silly ADD node_modules/@tailwindcss/oxide-linux-arm-gnueabihf
51 silly ADD node_modules/@tailwindcss/oxide-freebsd-x64
52 silly ADD node_modules/@tailwindcss/oxide-darwin-x64
53 silly ADD node_modules/@tailwindcss/oxide-darwin-arm64
54 silly ADD node_modules/@tailwindcss/oxide-android-arm64
55 silly ADD node_modules/@next/swc-win32-arm64-msvc
56 silly ADD node_modules/@next/swc-linux-x64-musl
57 silly ADD node_modules/@next/swc-linux-x64-gnu
58 silly ADD node_modules/@next/swc-linux-arm64-musl
59 silly ADD node_modules/@next/swc-linux-arm64-gnu
60 silly ADD node_modules/@next/swc-darwin-x64
61 silly ADD node_modules/@next/swc-darwin-arm64
62 silly ADD node_modules/@img/sharp-win32-ia32
63 silly ADD node_modules/@img/sharp-win32-arm64
64 silly ADD node_modules/@img/sharp-wasm32
65 silly ADD node_modules/@img/sharp-linuxmusl-x64
66 silly ADD node_modules/@img/sharp-linuxmusl-arm64
67 silly ADD node_modules/@img/sharp-linux-x64
68 silly ADD node_modules/@img/sharp-linux-s390x
69 silly ADD node_modules/@img/sharp-linux-riscv64
70 silly ADD node_modules/@img/sharp-linux-ppc64
71 silly ADD node_modules/@img/sharp-linux-arm64
72 silly ADD node_modules/@img/sharp-linux-arm
73 silly ADD node_modules/@img/sharp-libvips-linuxmusl-x64
74 silly ADD node_modules/@img/sharp-libvips-linuxmusl-arm64
75 silly ADD node_modules/@img/sharp-libvips-linux-x64
76 silly ADD node_modules/@img/sharp-libvips-linux-s390x
77 silly ADD node_modules/@img/sharp-libvips-linux-riscv64
78 silly ADD node_modules/@img/sharp-libvips-linux-ppc64
79 silly ADD node_modules/@img/sharp-libvips-linux-arm64
80 silly ADD node_modules/@img/sharp-libvips-linux-arm
81 silly ADD node_modules/@img/sharp-libvips-darwin-x64
82 silly ADD node_modules/@img/sharp-libvips-darwin-arm64
83 silly ADD node_modules/@img/sharp-darwin-x64
84 silly ADD node_modules/@img/sharp-darwin-arm64
85 silly ADD node_modules/@esbuild/win32-ia32
86 silly ADD node_modules/@esbuild/win32-arm64
87 silly ADD node_modules/@esbuild/sunos-x64
88 silly ADD node_modules/@esbuild/openharmony-arm64
89 silly ADD node_modules/@esbuild/openbsd-x64
90 silly ADD node_modules/@esbuild/openbsd-arm64
91 silly ADD node_modules/@esbuild/netbsd-x64
92 silly ADD node_modules/@esbuild/netbsd-arm64
93 silly ADD node_modules/@esbuild/linux-x64
94 silly ADD node_modules/@esbuild/linux-s390x
95 silly ADD node_modules/@esbuild/linux-riscv64
96 silly ADD node_modules/@esbuild/linux-ppc64
97 silly ADD node_modules/@esbuild/linux-mips64el
98 silly ADD node_modules/@esbuild/linux-loong64
99 silly ADD node_modules/@esbuild/linux-ia32
100 silly ADD node_modules/@esbuild/linux-arm64
101 silly ADD node_modules/@esbuild/linux-arm
102 silly ADD node_modules/@esbuild/freebsd-x64
103 silly ADD node_modules/@esbuild/freebsd-arm64
104 silly ADD node_modules/@esbuild/darwin-x64
105 silly ADD node_modules/@esbuild/darwin-arm64
106 silly ADD node_modules/@esbuild/android-x64
107 silly ADD node_modules/@esbuild/android-arm64
108 silly ADD node_modules/@esbuild/android-arm
109 silly ADD node_modules/@esbuild/aix-ppc64
110 verbose cwd D:\yapper\yapper
111 verbose os Windows_NT 10.0.26200
112 verbose node v22.14.0
113 verbose npm  v10.9.2
114 verbose exit 0
115 info ok
